[2014-03-13 08:49:08] Codeception.INFO: PASSED [] []
[2014-03-13 08:49:10] Codeception.ALERT: Failed asserting that null is not null. [] []
[2014-03-13 08:49:10] Codeception.INFO: # FAILED # [] []
[2014-03-13 08:49:10] Codeception.INFO: PASSED [] []
[2014-03-13 09:06:05] Codeception.INFO: PASSED [] []
[2014-03-13 09:06:07] Codeception.ALERT: Failed asserting that null is not null. [] []
[2014-03-13 09:06:07] Codeception.INFO: # FAILED # [] []
[2014-03-13 09:06:07] Codeception.INFO: PASSED [] []
[2014-03-13 09:13:46] Codeception.INFO: PASSED [] []
[2014-03-13 09:13:48] Codeception.ALERT: Failed asserting that null is not null. [] []
[2014-03-13 09:13:48] Codeception.INFO: # FAILED # [] []
[2014-03-13 09:13:48] Codeception.INFO: PASSED [] []
[2014-03-13 09:14:37] Codeception.ALERT: Failed asserting that 4 matches expected 4807770270291. [] []
[2014-03-13 09:14:37] Codeception.INFO: # FAILED # [] []
[2014-03-13 09:14:37] Codeception.INFO: PASSED [] []
[2014-03-13 09:14:39] Codeception.ALERT: Failed asserting that null is not null. [] []
[2014-03-13 09:14:39] Codeception.INFO: # FAILED # [] []
[2014-03-13 09:14:39] Codeception.INFO: PASSED [] []
[2014-03-13 09:20:48] Codeception.ALERT: Failed asserting that null matches expected 4807770270291. [] []
[2014-03-13 09:20:48] Codeception.INFO: # FAILED # [] []
[2014-03-13 09:20:48] Codeception.INFO: PASSED [] []
[2014-03-13 09:20:50] Codeception.ALERT: Failed asserting that null is not null. [] []
[2014-03-13 09:20:50] Codeception.INFO: # FAILED # [] []
[2014-03-13 09:20:50] Codeception.INFO: PASSED [] []
[2014-03-13 09:22:07] Codeception.ALERT: Failed asserting that 4 matches expected 4807770270291. [] []
[2014-03-13 09:22:07] Codeception.INFO: # FAILED # [] []
[2014-03-13 09:22:07] Codeception.INFO: PASSED [] []
[2014-03-13 09:22:09] Codeception.ALERT: Failed asserting that null is not null. [] []
[2014-03-13 09:22:09] Codeception.INFO: # FAILED # [] []
[2014-03-13 09:22:09] Codeception.INFO: PASSED [] []
[2014-03-13 09:23:00] Codeception.ALERT: Failed asserting that null matches expected 4807770270291. [] []
[2014-03-13 09:23:00] Codeception.INFO: # FAILED # [] []
[2014-03-13 09:23:00] Codeception.INFO: PASSED [] []
[2014-03-13 09:23:02] Codeception.ALERT: Failed asserting that null is not null. [] []
[2014-03-13 09:23:02] Codeception.INFO: # FAILED # [] []
[2014-03-13 09:23:02] Codeception.INFO: PASSED [] []
[2014-03-13 09:23:45] Codeception.ALERT: Failed asserting that 4 matches expected 4807770270291. [] []
[2014-03-13 09:23:45] Codeception.INFO: # FAILED # [] []
[2014-03-13 09:23:45] Codeception.INFO: PASSED [] []
[2014-03-13 09:23:47] Codeception.ALERT: Failed asserting that null is not null. [] []
[2014-03-13 09:23:47] Codeception.INFO: # FAILED # [] []
[2014-03-13 09:23:47] Codeception.INFO: PASSED [] []
[2014-03-13 09:25:45] Codeception.ALERT: Failed asserting that 4 matches expected 4807770270291. [] []
[2014-03-13 09:25:45] Codeception.INFO: # FAILED # [] []
[2014-03-13 09:25:45] Codeception.INFO: PASSED [] []
[2014-03-13 09:25:47] Codeception.ALERT: Failed asserting that null is not null. [] []
[2014-03-13 09:25:47] Codeception.INFO: # FAILED # [] []
[2014-03-13 09:25:47] Codeception.INFO: PASSED [] []
[2014-03-13 09:26:23] Codeception.INFO: PASSED [] []
[2014-03-13 09:26:25] Codeception.ALERT: Failed asserting that null is not null. [] []
[2014-03-13 09:26:25] Codeception.INFO: # FAILED # [] []
[2014-03-13 09:26:25] Codeception.INFO: PASSED [] []
[2014-03-13 09:44:17] Codeception.INFO: PASSED [] []
[2014-03-13 09:44:20] Codeception.ALERT: Failed asserting that null is not null. [] []
[2014-03-13 09:44:20] Codeception.INFO: # FAILED # [] []
[2014-03-13 09:44:20] Codeception.INFO: PASSED [] []
[2014-03-13 09:51:28] Codeception.ALERT: Failed asserting that 4 matches expected 4807770270291. [] []
[2014-03-13 09:51:28] Codeception.INFO: # FAILED # [] []
[2014-03-13 09:51:28] Codeception.INFO: PASSED [] []
[2014-03-13 09:51:30] Codeception.ALERT: Failed asserting that null is not null. [] []
[2014-03-13 09:51:30] Codeception.INFO: # FAILED # [] []
[2014-03-13 09:51:30] Codeception.INFO: PASSED [] []
[2014-03-13 10:12:16] Codeception.INFO: PASSED [] []
[2014-03-13 10:12:18] Codeception.ALERT: Non-static method PurchasedItemsRepository::find() should not be called statically, assuming $this from incompatible context [] []
[2014-03-13 10:12:18] Codeception.INFO: # ERROR # [] []
[2014-03-13 10:12:18] Codeception.INFO: PASSED [] []
[2014-03-13 11:04:02] Codeception.INFO: PASSED [] []
[2014-03-13 11:04:04] Codeception.ALERT: Non-static method PurchasedItemsRepository::find() should not be called statically, assuming $this from incompatible context [] []
[2014-03-13 11:04:04] Codeception.INFO: # ERROR # [] []
[2014-03-13 11:04:04] Codeception.INFO: PASSED [] []
[2014-03-13 11:07:13] Codeception.INFO: PASSED [] []
[2014-03-13 11:07:54] Codeception.INFO: PASSED [] []
[2014-03-13 11:07:56] Codeception.INFO: PASSED [] []
[2014-03-13 11:10:38] Codeception.INFO: PASSED [] []
[2014-03-13 11:10:40] Codeception.INFO: PASSED [] []
[2014-03-13 11:16:41] Codeception.INFO: PASSED [] []
[2014-03-13 11:16:43] Codeception.INFO: PASSED [] []
[2014-03-13 11:21:16] Codeception.INFO: PASSED [] []
[2014-03-13 11:21:19] Codeception.ALERT: Trying to get property of non-object [] []
[2014-03-13 11:21:19] Codeception.INFO: # ERROR # [] []
[2014-03-13 11:21:19] Codeception.INFO: PASSED [] []
[2014-03-13 11:24:01] Codeception.INFO: PASSED [] []
[2014-03-13 11:24:03] Codeception.ALERT: Failed asserting that null matches expected 4807770120213. [] []
[2014-03-13 11:24:03] Codeception.INFO: # FAILED # [] []
[2014-03-13 11:24:03] Codeception.INFO: PASSED [] []
[2014-03-13 11:25:05] Codeception.INFO: PASSED [] []
[2014-03-13 11:25:07] Codeception.ALERT: Failed asserting that null matches expected 4807770120213. [] []
[2014-03-13 11:25:07] Codeception.INFO: # FAILED # [] []
[2014-03-13 11:25:07] Codeception.INFO: PASSED [] []
[2014-03-13 11:31:33] Codeception.ALERT: Undefined variable: purchasedItemsData [] []
[2014-03-13 11:31:33] Codeception.INFO: # ERROR # [] []
[2014-03-13 11:31:33] Codeception.INFO: PASSED [] []
[2014-03-13 11:31:35] Codeception.ALERT: Undefined variable: purchasedItemsData [] []
[2014-03-13 11:31:35] Codeception.INFO: # ERROR # [] []
[2014-03-13 11:31:35] Codeception.INFO: PASSED [] []
[2014-03-13 11:32:31] Codeception.INFO: PASSED [] []
[2014-03-13 11:32:33] Codeception.INFO: PASSED [] []
[2014-03-13 11:33:07] Codeception.INFO: PASSED [] []
[2014-03-13 11:33:10] Codeception.INFO: PASSED [] []
[2014-03-13 11:36:06] Codeception.ALERT: Trying to get property of non-object [] []
[2014-03-13 11:36:06] Codeception.INFO: # ERROR # [] []
[2014-03-13 11:36:06] Codeception.INFO: PASSED [] []
[2014-03-13 11:36:08] Codeception.INFO: PASSED [] []
[2014-03-13 11:36:39] Codeception.INFO: PASSED [] []
[2014-03-13 11:36:42] Codeception.INFO: PASSED [] []
[2014-03-13 11:40:27] Codeception.INFO: PASSED [] []
[2014-03-13 11:41:18] Codeception.INFO: PASSED [] []
[2014-03-13 11:41:20] Codeception.ALERT: Invalid Barcode [] []
[2014-03-13 11:41:20] Codeception.INFO: # ERROR # [] []
[2014-03-13 11:41:20] Codeception.INFO: PASSED [] []
[2014-03-13 11:42:16] Codeception.INFO: PASSED [] []
[2014-03-13 11:42:18] Codeception.ALERT: Failed asserting that PurchasedItemsRepository Object () is null. [] []
[2014-03-13 11:42:18] Codeception.INFO: # FAILED # [] []
[2014-03-13 11:42:18] Codeception.INFO: PASSED [] []
[2014-03-13 11:44:18] Codeception.INFO: PASSED [] []
[2014-03-13 11:44:21] Codeception.ALERT: Undefined variable: item [] []
[2014-03-13 11:44:21] Codeception.INFO: # ERROR # [] []
[2014-03-13 11:44:21] Codeception.INFO: PASSED [] []
[2014-03-13 11:44:58] Codeception.INFO: PASSED [] []
[2014-03-13 11:45:01] Codeception.ALERT: Failed asserting that Array (
    'transaction_id' => '4'
    'barcode' => '4807770270291'
    'quantity' => '3'
    'created_at' => '2014-03-13 11:45:01'
    'updated_at' => '2014-03-13 11:45:01'
    'deleted_at' => null
) is null. [] []
[2014-03-13 11:45:01] Codeception.INFO: # FAILED # [] []
[2014-03-13 11:45:01] Codeception.INFO: PASSED [] []
[2014-03-13 11:48:22] Codeception.INFO: PASSED [] []
[2014-03-13 11:48:24] Codeception.ALERT: Failed asserting that Array (
    'transaction_id' => '4'
    'barcode' => '4807770270291'
    'quantity' => '3'
    'created_at' => '2014-03-13 11:48:24'
    'updated_at' => '2014-03-13 11:48:24'
    'deleted_at' => null
) is null. [] []
[2014-03-13 11:48:24] Codeception.INFO: # FAILED # [] []
[2014-03-13 11:48:24] Codeception.INFO: PASSED [] []
[2014-03-13 11:50:59] Codeception.INFO: PASSED [] []
[2014-03-13 11:51:01] Codeception.ALERT: Failed asserting that Array (
    'transaction_id' => '4'
    'barcode' => '4807770270291'
    'quantity' => '3'
    'created_at' => '2014-03-13 11:51:01'
    'updated_at' => '2014-03-13 11:51:01'
    'deleted_at' => null
) is null. [] []
[2014-03-13 11:51:01] Codeception.INFO: # FAILED # [] []
[2014-03-13 11:51:01] Codeception.INFO: PASSED [] []
[2014-03-13 12:01:53] Codeception.INFO: PASSED [] []
[2014-03-13 12:01:55] Codeception.ALERT: Failed asserting that Array (
    'transaction_id' => '1'
    'barcode' => '5011321361058'
    'quantity' => '1'
    'created_at' => '2014-03-13 12:01:55'
    'updated_at' => '2014-03-13 12:01:55'
    'deleted_at' => null
) is null. [] []
[2014-03-13 12:01:55] Codeception.INFO: # FAILED # [] []
[2014-03-13 12:01:55] Codeception.INFO: PASSED [] []
[2014-03-13 12:02:24] Codeception.INFO: PASSED [] []
[2014-03-13 12:02:26] Codeception.INFO: PASSED [] []
[2014-03-13 12:02:28] Codeception.ALERT: Failed asserting that 'Mineral Water' matches expected null. [] []
[2014-03-13 12:02:28] Codeception.INFO: # FAILED # [] []
[2014-03-13 12:02:28] Codeception.INFO: PASSED [] []
[2014-03-13 12:02:30] Codeception.INFO: PASSED [] []
[2014-03-13 12:02:33] Codeception.INFO: PASSED [] []
[2014-03-13 12:02:35] Codeception.INFO: PASSED [] []
[2014-03-13 12:02:37] Codeception.INFO: PASSED [] []
[2014-03-13 12:02:39] Codeception.INFO: PASSED [] []
[2014-03-13 12:02:41] Codeception.INFO: PASSED [] []
[2014-03-13 12:02:43] Codeception.INFO: PASSED [] []
[2014-03-13 12:02:45] Codeception.INFO: PASSED [] []
[2014-03-13 12:03:12] Codeception.INFO: PASSED [] []
[2014-03-13 12:03:14] Codeception.ALERT: Failed asserting that Array (
    'transaction_id' => '1'
    'barcode' => '5011321361058'
    'quantity' => '1'
    'created_at' => '2014-03-13 12:03:14'
    'updated_at' => '2014-03-13 12:03:14'
    'deleted_at' => null
) is null. [] []
[2014-03-13 12:03:14] Codeception.INFO: # FAILED # [] []
[2014-03-13 12:03:14] Codeception.INFO: PASSED [] []
[2014-03-13 12:19:05] Codeception.INFO: PASSED [] []
[2014-03-13 12:19:07] Codeception.ALERT: Failed asserting that Array (
    'transaction_id' => '1'
    'barcode' => '5011321361058'
    'quantity' => '1'
    'created_at' => '2014-03-13 12:19:06'
    'updated_at' => '2014-03-13 12:19:06'
    'deleted_at' => null
) is null. [] []
[2014-03-13 12:19:07] Codeception.INFO: # FAILED # [] []
[2014-03-13 12:19:07] Codeception.INFO: PASSED [] []
[2014-03-13 12:19:25] Codeception.INFO: PASSED [] []
[2014-03-13 12:19:27] Codeception.INFO: PASSED [] []
[2014-03-13 12:22:21] Codeception.INFO: PASSED [] []
[2014-03-13 12:22:23] Codeception.ALERT: Failed asserting that Array (
    'transaction_id' => '1'
    'barcode' => '5011321361058'
    'quantity' => '1'
    'created_at' => '2014-03-13 12:22:23'
    'updated_at' => '2014-03-13 12:22:23'
    'deleted_at' => null
) is null. [] []
[2014-03-13 12:22:23] Codeception.INFO: # FAILED # [] []
[2014-03-13 12:22:23] Codeception.INFO: PASSED [] []
[2014-03-13 12:42:11] Codeception.INFO: PASSED [] []
[2014-03-13 12:42:13] Codeception.ALERT: Write access to table repository is denied! [] []
[2014-03-13 12:42:13] Codeception.INFO: # ERROR # [] []
[2014-03-13 12:42:13] Codeception.INFO: PASSED [] []
[2014-03-13 12:42:15] Codeception.ALERT: Failed asserting that Array (
    'transaction_id' => '1'
    'barcode' => '5011321361058'
    'quantity' => '1'
    'created_at' => '2014-03-13 12:42:15'
    'updated_at' => '2014-03-13 12:42:15'
    'deleted_at' => null
) is null. [] []
[2014-03-13 12:42:15] Codeception.INFO: # FAILED # [] []
[2014-03-13 12:42:15] Codeception.INFO: PASSED [] []
[2014-03-13 12:43:17] Codeception.INFO: PASSED [] []
[2014-03-13 12:43:19] Codeception.INFO: PASSED [] []
[2014-03-13 12:43:21] Codeception.ALERT: Failed asserting that Array (
    'transaction_id' => '1'
    'barcode' => '5011321361058'
    'quantity' => '1'
    'created_at' => '2014-03-13 12:43:21'
    'updated_at' => '2014-03-13 12:43:21'
    'deleted_at' => null
) is null. [] []
[2014-03-13 12:43:21] Codeception.INFO: # FAILED # [] []
[2014-03-13 12:43:21] Codeception.INFO: PASSED [] []
[2014-03-13 12:45:29] Codeception.INFO: PASSED [] []
[2014-03-13 12:45:31] Codeception.INFO: PASSED [] []
[2014-03-13 12:45:34] Codeception.ALERT: Failed asserting that exception of type "UnauthorizedException" matches expected exception "ErrorException". Message was: "Write access to table repository is denied!". [] []
[2014-03-13 12:45:34] Codeception.INFO: # FAILED # [] []
[2014-03-13 12:45:34] Codeception.INFO: PASSED [] []
[2014-03-13 12:45:36] Codeception.ALERT: Failed asserting that Array (
    'transaction_id' => '1'
    'barcode' => '5011321361058'
    'quantity' => '1'
    'created_at' => '2014-03-13 12:45:35'
    'updated_at' => '2014-03-13 12:45:35'
    'deleted_at' => null
) is null. [] []
[2014-03-13 12:45:36] Codeception.INFO: # FAILED # [] []
[2014-03-13 12:45:36] Codeception.INFO: PASSED [] []
[2014-03-13 12:46:39] Codeception.INFO: PASSED [] []
[2014-03-13 12:46:42] Codeception.INFO: PASSED [] []
[2014-03-13 12:46:44] Codeception.ALERT: Failed asserting that exception of type "InvalidArgumentException" is thrown. [] []
[2014-03-13 12:46:44] Codeception.INFO: # FAILED # [] []
[2014-03-13 12:46:44] Codeception.INFO: PASSED [] []
[2014-03-13 12:46:46] Codeception.ALERT: Failed asserting that Array (
    'transaction_id' => '1'
    'barcode' => '5011321361058'
    'quantity' => '1'
    'created_at' => '2014-03-13 12:46:46'
    'updated_at' => '2014-03-13 12:46:46'
    'deleted_at' => null
) is null. [] []
[2014-03-13 12:46:46] Codeception.INFO: # FAILED # [] []
[2014-03-13 12:46:46] Codeception.INFO: PASSED [] []
[2014-03-13 12:47:12] Codeception.INFO: PASSED [] []
[2014-03-13 12:47:14] Codeception.INFO: PASSED [] []
[2014-03-13 12:47:17] Codeception.ALERT: Failed asserting that exception of type "ErrorException" is thrown. [] []
[2014-03-13 12:47:17] Codeception.INFO: # FAILED # [] []
[2014-03-13 12:47:17] Codeception.INFO: PASSED [] []
[2014-03-13 12:47:19] Codeception.ALERT: Failed asserting that Array (
    'transaction_id' => '1'
    'barcode' => '5011321361058'
    'quantity' => '1'
    'created_at' => '2014-03-13 12:47:18'
    'updated_at' => '2014-03-13 12:47:18'
    'deleted_at' => null
) is null. [] []
[2014-03-13 12:47:19] Codeception.INFO: # FAILED # [] []
[2014-03-13 12:47:19] Codeception.INFO: PASSED [] []
[2014-03-13 12:50:24] Codeception.INFO: PASSED [] []
[2014-03-13 12:50:26] Codeception.INFO: PASSED [] []
[2014-03-13 12:50:28] Codeception.ALERT: Failed asserting that 'Mineral Water' matches expected null. [] []
[2014-03-13 12:50:28] Codeception.INFO: # FAILED # [] []
[2014-03-13 12:50:28] Codeception.INFO: PASSED [] []
[2014-03-13 12:50:30] Codeception.INFO: PASSED [] []
[2014-03-13 12:50:33] Codeception.INFO: PASSED [] []
[2014-03-13 12:50:35] Codeception.INFO: PASSED [] []
[2014-03-13 12:50:37] Codeception.INFO: PASSED [] []
[2014-03-13 12:50:39] Codeception.INFO: PASSED [] []
[2014-03-13 12:50:42] Codeception.INFO: PASSED [] []
[2014-03-13 12:50:44] Codeception.INFO: PASSED [] []
[2014-03-13 12:50:46] Codeception.INFO: PASSED [] []
[2014-03-13 12:55:15] Codeception.INFO: PASSED [] []
[2014-03-13 12:55:17] Codeception.INFO: PASSED [] []
[2014-03-13 12:55:19] Codeception.ALERT: Failed asserting that 'Mineral Water' matches expected null. [] []
[2014-03-13 12:55:19] Codeception.INFO: # FAILED # [] []
[2014-03-13 12:55:19] Codeception.INFO: PASSED [] []
[2014-03-13 12:55:22] Codeception.INFO: PASSED [] []
[2014-03-13 12:55:24] Codeception.INFO: PASSED [] []
[2014-03-13 12:55:26] Codeception.INFO: PASSED [] []
[2014-03-13 12:55:28] Codeception.INFO: PASSED [] []
[2014-03-13 12:55:30] Codeception.INFO: PASSED [] []
[2014-03-13 12:55:33] Codeception.INFO: PASSED [] []
[2014-03-13 12:55:35] Codeception.INFO: PASSED [] []
[2014-03-13 12:55:37] Codeception.INFO: PASSED [] []
[2014-03-13 12:55:43] Codeception.INFO: PASSED [] []
[2014-03-13 12:55:45] Codeception.INFO: PASSED [] []
[2014-03-13 12:55:47] Codeception.ALERT: Failed asserting that exception of type "ErrorException" is thrown. [] []
[2014-03-13 12:55:47] Codeception.INFO: # FAILED # [] []
[2014-03-13 12:55:47] Codeception.INFO: PASSED [] []
[2014-03-13 12:55:49] Codeception.ALERT: Failed asserting that Array (
    'transaction_id' => '1'
    'barcode' => '5011321361058'
    'quantity' => '1'
    'created_at' => '2014-03-13 12:55:49'
    'updated_at' => '2014-03-13 12:55:49'
    'deleted_at' => null
) is null. [] []
[2014-03-13 12:55:49] Codeception.INFO: # FAILED # [] []
[2014-03-13 12:55:49] Codeception.INFO: PASSED [] []
[2014-03-13 12:56:58] Codeception.INFO: PASSED [] []
[2014-03-13 12:57:00] Codeception.INFO: PASSED [] []
[2014-03-13 12:57:02] Codeception.ALERT: Failed asserting that exception of type "ErrorException" is thrown. [] []
[2014-03-13 12:57:02] Codeception.INFO: # FAILED # [] []
[2014-03-13 12:57:02] Codeception.INFO: PASSED [] []
[2014-03-13 12:57:04] Codeception.ALERT: Failed asserting that Array (
    'transaction_id' => '1'
    'barcode' => '5011321361058'
    'quantity' => '1'
    'created_at' => '2014-03-13 12:57:04'
    'updated_at' => '2014-03-13 12:57:04'
    'deleted_at' => null
) is null. [] []
[2014-03-13 12:57:04] Codeception.INFO: # FAILED # [] []
[2014-03-13 12:57:04] Codeception.INFO: PASSED [] []
[2014-03-13 13:03:32] Codeception.INFO: PASSED [] []
[2014-03-13 13:03:34] Codeception.INFO: PASSED [] []
[2014-03-13 13:03:36] Codeception.INFO: PASSED [] []
[2014-03-13 13:03:39] Codeception.ALERT: Failed asserting that Array (
    'transaction_id' => '1'
    'barcode' => '5011321361058'
    'quantity' => '1'
    'created_at' => '2014-03-13 13:03:38'
    'updated_at' => '2014-03-13 13:03:38'
    'deleted_at' => null
) is null. [] []
[2014-03-13 13:03:39] Codeception.INFO: # FAILED # [] []
[2014-03-13 13:03:39] Codeception.INFO: PASSED [] []
[2014-03-13 13:06:30] Codeception.INFO: PASSED [] []
[2014-03-13 13:06:32] Codeception.INFO: PASSED [] []
[2014-03-13 13:06:34] Codeception.INFO: PASSED [] []
[2014-03-13 13:06:36] Codeception.ALERT: Failed asserting that Array (
    'transaction_id' => '1'
    'barcode' => '4800119220803'
    'quantity' => '1'
    'created_at' => '2014-03-13 13:06:36'
    'updated_at' => '2014-03-13 13:06:36'
    'deleted_at' => null
) is null. [] []
[2014-03-13 13:06:36] Codeception.INFO: # FAILED # [] []
[2014-03-13 13:06:36] Codeception.INFO: PASSED [] []
[2014-03-13 13:18:41] Codeception.INFO: PASSED [] []
[2014-03-13 13:18:44] Codeception.INFO: PASSED [] []
[2014-03-13 13:18:46] Codeception.INFO: PASSED [] []
[2014-03-13 13:18:48] Codeception.ALERT: Failed asserting that Array (
    'transaction_id' => '1'
    'barcode' => '4800119220803'
    'quantity' => '1'
    'created_at' => '2014-03-13 13:18:48'
    'updated_at' => '2014-03-13 13:18:48'
    'deleted_at' => null
) is null. [] []
[2014-03-13 13:18:48] Codeception.INFO: # FAILED # [] []
[2014-03-13 13:18:48] Codeception.INFO: PASSED [] []
[2014-03-13 13:20:30] Codeception.INFO: PASSED [] []
[2014-03-13 13:20:32] Codeception.INFO: PASSED [] []
[2014-03-13 13:20:34] Codeception.INFO: PASSED [] []
[2014-03-13 13:20:36] Codeception.ALERT: Failed asserting that Array (
    'transaction_id' => '1'
    'barcode' => '4800119220803'
    'quantity' => '1'
    'created_at' => '2014-03-13 13:20:36'
    'updated_at' => '2014-03-13 13:20:36'
    'deleted_at' => null
) is null. [] []
[2014-03-13 13:20:36] Codeception.INFO: # FAILED # [] []
[2014-03-13 13:20:36] Codeception.INFO: PASSED [] []
[2014-03-13 13:23:01] Codeception.INFO: PASSED [] []
[2014-03-13 13:23:03] Codeception.INFO: PASSED [] []
[2014-03-13 13:23:06] Codeception.INFO: PASSED [] []
[2014-03-13 13:23:08] Codeception.ALERT: Failed asserting that Array (
    'transaction_id' => '1'
    'barcode' => '5200032482284'
    'quantity' => '1'
    'created_at' => '2014-03-13 13:23:07'
    'updated_at' => '2014-03-13 13:23:07'
    'deleted_at' => null
) is null. [] []
[2014-03-13 13:23:08] Codeception.INFO: # FAILED # [] []
[2014-03-13 13:23:08] Codeception.INFO: PASSED [] []
[2014-03-13 13:26:50] Codeception.INFO: PASSED [] []
[2014-03-13 13:26:52] Codeception.INFO: PASSED [] []
[2014-03-13 13:26:54] Codeception.INFO: PASSED [] []
[2014-03-13 13:26:56] Codeception.ALERT: Failed asserting that Array (
    'transaction_id' => '1'
    'barcode' => '5200032482284'
    'quantity' => '1'
    'created_at' => '2014-03-13 13:26:56'
    'updated_at' => '2014-03-13 13:26:56'
    'deleted_at' => null
) is null. [] []
[2014-03-13 13:26:56] Codeception.INFO: # FAILED # [] []
[2014-03-13 13:26:56] Codeception.INFO: PASSED [] []
[2014-03-13 13:58:22] Codeception.INFO: PASSED [] []
[2014-03-13 13:58:24] Codeception.INFO: PASSED [] []
[2014-03-13 13:58:26] Codeception.INFO: PASSED [] []
[2014-03-13 13:58:29] Codeception.ALERT: Failed asserting that Array (
    'transaction_id' => '1'
    'barcode' => '5200032482284'
    'quantity' => '1'
    'created_at' => '2014-03-13 13:58:29'
    'updated_at' => '2014-03-13 13:58:29'
    'deleted_at' => null
) is null. [] []
[2014-03-13 13:58:29] Codeception.INFO: # FAILED # [] []
[2014-03-13 13:58:29] Codeception.INFO: PASSED [] []
[2014-03-13 14:09:31] Codeception.INFO: PASSED [] []
[2014-03-13 14:09:33] Codeception.INFO: PASSED [] []
[2014-03-13 14:09:35] Codeception.INFO: PASSED [] []
[2014-03-13 14:09:37] Codeception.INFO: PASSED [] []
[2014-03-13 14:09:39] Codeception.ALERT: Failed asserting that Array (
    'transaction_id' => '1'
    'barcode' => '5200032482284'
    'quantity' => '1'
    'created_at' => '2014-03-13 14:09:39'
    'updated_at' => '2014-03-13 14:09:39'
    'deleted_at' => null
) is null. [] []
[2014-03-13 14:09:39] Codeception.INFO: # FAILED # [] []
[2014-03-13 14:09:39] Codeception.INFO: PASSED [] []
[2014-03-13 14:10:07] Codeception.INFO: PASSED [] []
[2014-03-13 14:10:09] Codeception.INFO: PASSED [] []
[2014-03-13 14:10:11] Codeception.INFO: PASSED [] []
[2014-03-13 14:10:13] Codeception.INFO: PASSED [] []
[2014-03-13 14:10:16] Codeception.ALERT: Failed asserting that Array (
    'transaction_id' => '1'
    'barcode' => '5200032482284'
    'quantity' => '1'
    'created_at' => '2014-03-13 14:10:15'
    'updated_at' => '2014-03-13 14:10:15'
    'deleted_at' => null
) is null. [] []
[2014-03-13 14:10:16] Codeception.INFO: # FAILED # [] []
[2014-03-13 14:10:16] Codeception.INFO: PASSED [] []
[2014-03-13 14:25:27] Codeception.INFO: PASSED [] []
[2014-03-13 14:25:29] Codeception.INFO: PASSED [] []
[2014-03-13 14:25:31] Codeception.INFO: PASSED [] []
[2014-03-13 14:25:34] Codeception.INFO: PASSED [] []
[2014-03-13 14:25:35] Codeception.INFO: PASSED [] []
[2014-03-13 14:26:06] Codeception.INFO: PASSED [] []
[2014-03-13 14:26:08] Codeception.INFO: PASSED [] []
[2014-03-13 14:26:10] Codeception.INFO: PASSED [] []
[2014-03-13 14:26:13] Codeception.INFO: PASSED [] []
[2014-03-13 14:26:15] Codeception.ALERT: Failed asserting that Array (
    'transaction_id' => '1'
    'barcode' => '5200032482284'
    'quantity' => '1'
    'created_at' => '2014-03-13 14:26:14'
    'updated_at' => '2014-03-13 14:26:14'
    'deleted_at' => null
) is null. [] []
[2014-03-13 14:26:15] Codeception.INFO: # FAILED # [] []
[2014-03-13 14:26:15] Codeception.INFO: PASSED [] []
[2014-03-13 14:26:17] Codeception.INFO: PASSED [] []
[2014-03-13 14:27:06] Codeception.INFO: PASSED [] []
[2014-03-13 14:27:08] Codeception.INFO: PASSED [] []
[2014-03-13 14:27:10] Codeception.INFO: PASSED [] []
[2014-03-13 14:27:12] Codeception.INFO: PASSED [] []
[2014-03-13 14:27:15] Codeception.ALERT: Failed asserting that null is not null. [] []
[2014-03-13 14:27:15] Codeception.INFO: # FAILED # [] []
[2014-03-13 14:27:15] Codeception.INFO: PASSED [] []
[2014-03-13 14:27:17] Codeception.INFO: PASSED [] []
[2014-03-13 14:30:33] Codeception.INFO: PASSED [] []
[2014-03-13 14:30:35] Codeception.INFO: PASSED [] []
[2014-03-13 14:30:37] Codeception.INFO: PASSED [] []
[2014-03-13 14:30:39] Codeception.INFO: PASSED [] []
[2014-03-13 14:30:42] Codeception.ALERT: Failed asserting that Array (
    'transaction_id' => '1'
    'barcode' => '5200032482284'
    'quantity' => '1'
    'created_at' => '2014-03-13 14:30:41'
    'updated_at' => '2014-03-13 14:30:41'
    'deleted_at' => null
) is null. [] []
[2014-03-13 14:30:42] Codeception.INFO: # FAILED # [] []
[2014-03-13 14:30:42] Codeception.INFO: PASSED [] []
[2014-03-13 14:30:44] Codeception.ALERT: Editing transactions is not allowed! [] []
[2014-03-13 14:30:44] Codeception.INFO: # ERROR # [] []
[2014-03-13 14:30:44] Codeception.INFO: PASSED [] []
[2014-03-13 14:45:31] Codeception.INFO: PASSED [] []
[2014-03-13 14:45:34] Codeception.INFO: PASSED [] []
[2014-03-13 14:45:36] Codeception.INFO: PASSED [] []
[2014-03-13 14:45:38] Codeception.INFO: PASSED [] []
[2014-03-13 14:45:40] Codeception.ALERT: Failed asserting that Array (
    'transaction_id' => '1'
    'barcode' => '5200032482284'
    'quantity' => '1'
    'created_at' => '2014-03-13 14:45:40'
    'updated_at' => '2014-03-13 14:45:40'
    'deleted_at' => null
) is null. [] []
[2014-03-13 14:45:40] Codeception.INFO: # FAILED # [] []
[2014-03-13 14:45:40] Codeception.INFO: PASSED [] []
[2014-03-13 14:45:42] Codeception.INFO: PASSED [] []
[2014-03-13 14:49:01] Codeception.INFO: PASSED [] []
[2014-03-13 14:49:03] Codeception.INFO: PASSED [] []
[2014-03-13 14:49:05] Codeception.INFO: PASSED [] []
[2014-03-13 14:49:07] Codeception.INFO: PASSED [] []
[2014-03-13 14:49:09] Codeception.ALERT: Failed asserting that Array (
    'transaction_id' => '1'
    'barcode' => '5200032482284'
    'quantity' => '1'
    'created_at' => '2014-03-13 14:49:09'
    'updated_at' => '2014-03-13 14:49:09'
    'deleted_at' => null
) is null. [] []
[2014-03-13 14:49:09] Codeception.INFO: # FAILED # [] []
[2014-03-13 14:49:09] Codeception.INFO: PASSED [] []
[2014-03-13 14:49:12] Codeception.INFO: PASSED [] []
[2014-03-13 14:51:28] Codeception.INFO: PASSED [] []
[2014-03-13 14:51:31] Codeception.INFO: PASSED [] []
[2014-03-13 14:51:33] Codeception.INFO: PASSED [] []
[2014-03-13 14:51:35] Codeception.INFO: PASSED [] []
[2014-03-13 14:51:37] Codeception.ALERT: Failed asserting that Array (
    'transaction_id' => '1'
    'barcode' => '5200032482284'
    'quantity' => '1'
    'created_at' => '2014-03-13 14:51:37'
    'updated_at' => '2014-03-13 14:51:37'
    'deleted_at' => null
) is null. [] []
[2014-03-13 14:51:37] Codeception.INFO: # FAILED # [] []
[2014-03-13 14:51:37] Codeception.INFO: PASSED [] []
[2014-03-13 14:51:39] Codeception.INFO: PASSED [] []
[2014-03-13 14:51:41] Codeception.ALERT: Trying to get property of non-object [] []
[2014-03-13 14:51:41] Codeception.INFO: # ERROR # [] []
[2014-03-13 14:51:41] Codeception.INFO: PASSED [] []
[2014-03-13 14:53:40] Codeception.INFO: PASSED [] []
[2014-03-13 14:53:43] Codeception.INFO: PASSED [] []
[2014-03-13 14:53:45] Codeception.ALERT: Failed asserting that 'Mineral Water' matches expected null. [] []
[2014-03-13 14:53:45] Codeception.INFO: # FAILED # [] []
[2014-03-13 14:53:45] Codeception.INFO: PASSED [] []
[2014-03-13 14:53:47] Codeception.INFO: PASSED [] []
[2014-03-13 14:53:49] Codeception.INFO: PASSED [] []
[2014-03-13 14:53:51] Codeception.INFO: PASSED [] []
[2014-03-13 14:53:53] Codeception.INFO: PASSED [] []
[2014-03-13 14:53:56] Codeception.INFO: PASSED [] []
[2014-03-13 14:53:58] Codeception.INFO: PASSED [] []
[2014-03-13 14:54:00] Codeception.INFO: PASSED [] []
[2014-03-13 14:54:02] Codeception.INFO: PASSED [] []
[2014-03-13 14:57:34] Codeception.INFO: PASSED [] []
[2014-03-13 14:57:41] Codeception.INFO: PASSED [] []
[2014-03-13 14:57:43] Codeception.INFO: PASSED [] []
[2014-03-13 14:57:45] Codeception.INFO: PASSED [] []
[2014-03-13 14:57:47] Codeception.INFO: PASSED [] []
[2014-03-13 14:57:49] Codeception.ALERT: Failed asserting that Array (
    'transaction_id' => '1'
    'barcode' => '5200032482284'
    'quantity' => '1'
    'created_at' => '2014-03-13 14:57:49'
    'updated_at' => '2014-03-13 14:57:49'
    'deleted_at' => null
) is null. [] []
[2014-03-13 14:57:49] Codeception.INFO: # FAILED # [] []
[2014-03-13 14:57:49] Codeception.INFO: PASSED [] []
[2014-03-13 14:57:52] Codeception.INFO: PASSED [] []
[2014-03-13 14:57:53] Codeception.ALERT: Undefined property: PurchasedItemTest::$null [] []
[2014-03-13 14:57:53] Codeception.INFO: # ERROR # [] []
[2014-03-13 14:57:53] Codeception.INFO: PASSED [] []
[2014-03-13 14:58:27] Codeception.INFO: PASSED [] []
[2014-03-13 14:58:29] Codeception.INFO: PASSED [] []
[2014-03-13 14:58:31] Codeception.INFO: PASSED [] []
[2014-03-13 14:58:33] Codeception.INFO: PASSED [] []
[2014-03-13 14:58:36] Codeception.ALERT: Failed asserting that Array (
    'transaction_id' => '1'
    'barcode' => '5200032482284'
    'quantity' => '1'
    'created_at' => '2014-03-13 14:58:35'
    'updated_at' => '2014-03-13 14:58:35'
    'deleted_at' => null
) is null. [] []
[2014-03-13 14:58:36] Codeception.INFO: # FAILED # [] []
[2014-03-13 14:58:36] Codeception.INFO: PASSED [] []
[2014-03-13 14:58:38] Codeception.INFO: PASSED [] []
[2014-03-13 14:58:39] Codeception.ALERT: Use of undefined constant l - assumed 'l' [] []
[2014-03-13 14:58:39] Codeception.INFO: # ERROR # [] []
[2014-03-13 14:58:39] Codeception.INFO: PASSED [] []
[2014-03-13 14:59:09] Codeception.INFO: PASSED [] []
[2014-03-13 14:59:11] Codeception.INFO: PASSED [] []
[2014-03-13 14:59:13] Codeception.INFO: PASSED [] []
[2014-03-13 14:59:15] Codeception.INFO: PASSED [] []
[2014-03-13 14:59:17] Codeception.ALERT: Failed asserting that Array (
    'transaction_id' => '1'
    'barcode' => '5200032482284'
    'quantity' => '1'
    'created_at' => '2014-03-13 14:59:17'
    'updated_at' => '2014-03-13 14:59:17'
    'deleted_at' => null
) is null. [] []
[2014-03-13 14:59:17] Codeception.INFO: # FAILED # [] []
[2014-03-13 14:59:17] Codeception.INFO: PASSED [] []
[2014-03-13 14:59:19] Codeception.INFO: PASSED [] []
[2014-03-13 14:59:21] Codeception.ALERT: Undefined index: password [] []
[2014-03-13 14:59:21] Codeception.INFO: # ERROR # [] []
[2014-03-13 14:59:21] Codeception.INFO: PASSED [] []
[2014-03-13 15:05:25] Codeception.INFO: PASSED [] []
[2014-03-13 15:05:27] Codeception.INFO: PASSED [] []
[2014-03-13 15:05:30] Codeception.INFO: PASSED [] []
[2014-03-13 15:05:32] Codeception.INFO: PASSED [] []
[2014-03-13 15:05:34] Codeception.ALERT: Failed asserting that Array (
    'transaction_id' => '1'
    'barcode' => '5200032482284'
    'quantity' => '1'
    'created_at' => '2014-03-13 15:05:34'
    'updated_at' => '2014-03-13 15:05:34'
    'deleted_at' => null
) is null. [] []
[2014-03-13 15:05:34] Codeception.INFO: # FAILED # [] []
[2014-03-13 15:05:34] Codeception.INFO: PASSED [] []
[2014-03-13 15:05:36] Codeception.INFO: PASSED [] []
[2014-03-13 15:05:38] Codeception.ALERT: Write access to table repository is denied! [] []
[2014-03-13 15:05:38] Codeception.INFO: # ERROR # [] []
[2014-03-13 15:05:38] Codeception.INFO: PASSED [] []
[2014-03-13 15:06:50] Codeception.INFO: PASSED [] []
[2014-03-13 15:06:52] Codeception.INFO: PASSED [] []
[2014-03-13 15:06:54] Codeception.INFO: PASSED [] []
[2014-03-13 15:06:56] Codeception.INFO: PASSED [] []
[2014-03-13 15:06:58] Codeception.ALERT: Failed asserting that Array (
    'transaction_id' => '1'
    'barcode' => '5200032482284'
    'quantity' => '1'
    'created_at' => '2014-03-13 15:06:58'
    'updated_at' => '2014-03-13 15:06:58'
    'deleted_at' => null
) is null. [] []
[2014-03-13 15:06:58] Codeception.INFO: # FAILED # [] []
[2014-03-13 15:06:58] Codeception.INFO: PASSED [] []
[2014-03-13 15:07:00] Codeception.INFO: PASSED [] []
[2014-03-13 15:07:03] Codeception.ALERT: Write access to table repository is denied! [] []
[2014-03-13 15:07:03] Codeception.INFO: # ERROR # [] []
[2014-03-13 15:07:03] Codeception.INFO: PASSED [] []
[2014-03-13 15:12:50] Codeception.INFO: PASSED [] []
[2014-03-13 15:12:52] Codeception.INFO: PASSED [] []
[2014-03-13 15:12:54] Codeception.INFO: PASSED [] []
[2014-03-13 15:12:56] Codeception.INFO: PASSED [] []
[2014-03-13 15:12:58] Codeception.ALERT: Failed asserting that Array (
    'transaction_id' => '1'
    'barcode' => '5200032482284'
    'quantity' => '1'
    'created_at' => '2014-03-13 15:12:58'
    'updated_at' => '2014-03-13 15:12:58'
    'deleted_at' => null
) is null. [] []
[2014-03-13 15:12:58] Codeception.INFO: # FAILED # [] []
[2014-03-13 15:12:58] Codeception.INFO: PASSED [] []
[2014-03-13 15:13:01] Codeception.INFO: PASSED [] []
[2014-03-13 15:13:03] Codeception.ALERT: Write access to table repository is denied! [] []
[2014-03-13 15:13:03] Codeception.INFO: # ERROR # [] []
[2014-03-13 15:13:03] Codeception.INFO: PASSED [] []
[2014-03-13 15:13:37] Codeception.INFO: PASSED [] []
[2014-03-13 15:13:39] Codeception.INFO: PASSED [] []
[2014-03-13 15:13:41] Codeception.INFO: PASSED [] []
[2014-03-13 15:13:43] Codeception.INFO: PASSED [] []
[2014-03-13 15:13:45] Codeception.ALERT: Failed asserting that Array (
    'transaction_id' => '1'
    'barcode' => '5200032482284'
    'quantity' => '1'
    'created_at' => '2014-03-13 15:13:45'
    'updated_at' => '2014-03-13 15:13:45'
    'deleted_at' => null
) is null. [] []
[2014-03-13 15:13:45] Codeception.INFO: # FAILED # [] []
[2014-03-13 15:13:45] Codeception.INFO: PASSED [] []
[2014-03-13 15:13:47] Codeception.INFO: PASSED [] []
[2014-03-13 15:13:50] Codeception.INFO: PASSED [] []
[2014-03-13 15:16:36] Codeception.INFO: PASSED [] []
[2014-03-13 15:16:38] Codeception.INFO: PASSED [] []
[2014-03-13 15:16:41] Codeception.INFO: PASSED [] []
[2014-03-13 15:16:43] Codeception.INFO: PASSED [] []
[2014-03-13 15:16:45] Codeception.ALERT: Failed asserting that Array (
    'transaction_id' => '1'
    'barcode' => '5200032482284'
    'quantity' => '1'
    'created_at' => '2014-03-13 15:16:44'
    'updated_at' => '2014-03-13 15:16:44'
    'deleted_at' => null
) is null. [] []
[2014-03-13 15:16:45] Codeception.INFO: # FAILED # [] []
[2014-03-13 15:16:45] Codeception.INFO: PASSED [] []
[2014-03-13 15:16:47] Codeception.INFO: PASSED [] []
[2014-03-13 15:16:49] Codeception.INFO: PASSED [] []
[2014-03-13 15:19:04] Codeception.INFO: PASSED [] []
[2014-03-13 15:19:07] Codeception.INFO: PASSED [] []
[2014-03-13 15:19:09] Codeception.INFO: PASSED [] []
[2014-03-13 15:19:11] Codeception.INFO: PASSED [] []
[2014-03-13 15:19:13] Codeception.ALERT: Failed asserting that Array (
    'transaction_id' => '1'
    'barcode' => '5200032482284'
    'quantity' => '1'
    'created_at' => '2014-03-13 15:19:13'
    'updated_at' => '2014-03-13 15:19:13'
    'deleted_at' => null
) is null. [] []
[2014-03-13 15:19:13] Codeception.INFO: # FAILED # [] []
[2014-03-13 15:19:13] Codeception.INFO: PASSED [] []
[2014-03-13 15:19:15] Codeception.INFO: PASSED [] []
[2014-03-13 15:19:18] Codeception.INFO: PASSED [] []
[2014-03-13 15:19:20] Codeception.ALERT: Failed asserting that exception of type "ErrorException" matches expected exception "IllegalOperationException". Message was: "Use of undefined constant hello - assumed 'hello'". [] []
[2014-03-13 15:19:20] Codeception.INFO: # FAILED # [] []
[2014-03-13 15:19:20] Codeception.INFO: PASSED [] []
[2014-03-13 15:20:05] Codeception.INFO: PASSED [] []
[2014-03-13 15:20:08] Codeception.INFO: PASSED [] []
[2014-03-13 15:20:10] Codeception.INFO: PASSED [] []
[2014-03-13 15:20:12] Codeception.INFO: PASSED [] []
[2014-03-13 15:20:14] Codeception.ALERT: Failed asserting that Array (
    'transaction_id' => '1'
    'barcode' => '5200032482284'
    'quantity' => '1'
    'created_at' => '2014-03-13 15:20:14'
    'updated_at' => '2014-03-13 15:20:14'
    'deleted_at' => null
) is null. [] []
[2014-03-13 15:20:14] Codeception.INFO: # FAILED # [] []
[2014-03-13 15:20:14] Codeception.INFO: PASSED [] []
[2014-03-13 15:20:16] Codeception.INFO: PASSED [] []
[2014-03-13 15:20:19] Codeception.INFO: PASSED [] []
[2014-03-13 15:20:21] Codeception.INFO: PASSED [] []
[2014-03-13 15:21:41] Codeception.INFO: PASSED [] []
[2014-03-13 15:21:43] Codeception.INFO: PASSED [] []
[2014-03-13 15:21:45] Codeception.INFO: PASSED [] []
[2014-03-13 15:21:47] Codeception.INFO: PASSED [] []
[2014-03-13 15:21:49] Codeception.ALERT: Failed asserting that Array (
    'transaction_id' => '1'
    'barcode' => '5200032482284'
    'quantity' => '1'
    'created_at' => '2014-03-13 15:21:49'
    'updated_at' => '2014-03-13 15:21:49'
    'deleted_at' => null
) is null. [] []
[2014-03-13 15:21:49] Codeception.INFO: # FAILED # [] []
[2014-03-13 15:21:49] Codeception.INFO: PASSED [] []
[2014-03-13 15:21:52] Codeception.INFO: PASSED [] []
[2014-03-13 15:21:54] Codeception.INFO: PASSED [] []
[2014-03-13 15:21:56] Codeception.INFO: PASSED [] []
[2014-03-13 15:26:36] Codeception.INFO: PASSED [] []
[2014-03-13 15:26:39] Codeception.INFO: PASSED [] []
[2014-03-13 15:26:41] Codeception.INFO: PASSED [] []
[2014-03-13 15:26:43] Codeception.INFO: PASSED [] []
[2014-03-13 15:26:45] Codeception.ALERT: Failed asserting that Array (
    'transaction_id' => '1'
    'barcode' => '5200032482284'
    'quantity' => '1'
    'created_at' => '2014-03-13 15:26:45'
    'updated_at' => '2014-03-13 15:26:45'
    'deleted_at' => null
) is null. [] []
[2014-03-13 15:26:45] Codeception.INFO: # FAILED # [] []
[2014-03-13 15:26:45] Codeception.INFO: PASSED [] []
[2014-03-13 15:26:47] Codeception.INFO: PASSED [] []
[2014-03-13 15:26:49] Codeception.INFO: PASSED [] []
[2014-03-13 15:26:52] Codeception.INFO: PASSED [] []
[2014-03-13 15:26:54] Codeception.ALERT: Failed asserting that exception of type "ErrorException" matches expected exception "IllegalOperationException". Message was: "Use of undefined constant hello - assumed 'hello'". [] []
[2014-03-13 15:26:54] Codeception.INFO: # FAILED # [] []
[2014-03-13 15:26:54] Codeception.INFO: PASSED [] []
[2014-03-13 15:27:46] Codeception.INFO: PASSED [] []
[2014-03-13 15:27:48] Codeception.INFO: PASSED [] []
[2014-03-13 15:27:50] Codeception.INFO: PASSED [] []
[2014-03-13 15:27:52] Codeception.INFO: PASSED [] []
[2014-03-13 15:27:54] Codeception.ALERT: Failed asserting that Array (
    'transaction_id' => '1'
    'barcode' => '5200032482284'
    'quantity' => '1'
    'created_at' => '2014-03-13 15:27:54'
    'updated_at' => '2014-03-13 15:27:54'
    'deleted_at' => null
) is null. [] []
[2014-03-13 15:27:54] Codeception.INFO: # FAILED # [] []
[2014-03-13 15:27:54] Codeception.INFO: PASSED [] []
[2014-03-13 15:27:56] Codeception.INFO: PASSED [] []
[2014-03-13 15:27:59] Codeception.INFO: PASSED [] []
[2014-03-13 15:28:01] Codeception.INFO: PASSED [] []
[2014-03-13 15:28:03] Codeception.ALERT: Failed asserting that exception of type "ErrorException" matches expected exception "IllegalOperationException". Message was: "Creating default object from empty value". [] []
[2014-03-13 15:28:03] Codeception.INFO: # FAILED # [] []
[2014-03-13 15:28:03] Codeception.INFO: PASSED [] []
[2014-03-13 15:28:36] Codeception.INFO: PASSED [] []
[2014-03-13 15:28:38] Codeception.INFO: PASSED [] []
[2014-03-13 15:28:41] Codeception.INFO: PASSED [] []
[2014-03-13 15:28:43] Codeception.INFO: PASSED [] []
[2014-03-13 15:28:45] Codeception.ALERT: Failed asserting that Array (
    'transaction_id' => '1'
    'barcode' => '5200032482284'
    'quantity' => '1'
    'created_at' => '2014-03-13 15:28:45'
    'updated_at' => '2014-03-13 15:28:45'
    'deleted_at' => null
) is null. [] []
[2014-03-13 15:28:45] Codeception.INFO: # FAILED # [] []
[2014-03-13 15:28:45] Codeception.INFO: PASSED [] []
[2014-03-13 15:28:47] Codeception.INFO: PASSED [] []
[2014-03-13 15:28:49] Codeception.INFO: PASSED [] []
[2014-03-13 15:28:51] Codeception.INFO: PASSED [] []
[2014-03-13 15:28:54] Codeception.INFO: PASSED [] []
