[2014-03-21 06:11:44] Codeception.INFO: PASSED [] []
[2014-03-21 06:11:46] Codeception.INFO: PASSED [] []
[2014-03-21 06:11:49] Codeception.INFO: PASSED [] []
[2014-03-21 06:11:51] Codeception.INFO: PASSED [] []
[2014-03-21 06:11:53] Codeception.ALERT: Failed asserting that null is not null. [] []
[2014-03-21 06:11:53] Codeception.INFO: # FAILED # [] []
[2014-03-21 06:11:53] Codeception.INFO: PASSED [] []
[2014-03-21 06:11:55] Codeception.INFO: PASSED [] []
[2014-03-21 06:11:58] Codeception.INFO: PASSED [] []
[2014-03-21 06:12:00] Codeception.ALERT: Failed asserting that null is not null. [] []
[2014-03-21 06:12:00] Codeception.INFO: # FAILED # [] []
[2014-03-21 06:12:00] Codeception.INFO: PASSED [] []
[2014-03-21 06:12:02] Codeception.INFO: PASSED [] []
[2014-03-21 06:12:05] Codeception.INFO: PASSED [] []
[2014-03-21 06:12:07] Codeception.INFO: PASSED [] []
[2014-03-21 06:18:12] Codeception.INFO: PASSED [] []
[2014-03-21 06:18:15] Codeception.INFO: PASSED [] []
[2014-03-21 06:18:17] Codeception.INFO: PASSED [] []
[2014-03-21 06:18:19] Codeception.INFO: PASSED [] []
[2014-03-21 06:18:22] Codeception.ALERT: Failed asserting that null is not null. [] []
[2014-03-21 06:18:22] Codeception.INFO: # FAILED # [] []
[2014-03-21 06:18:22] Codeception.INFO: PASSED [] []
[2014-03-21 06:18:24] Codeception.INFO: PASSED [] []
[2014-03-21 06:18:26] Codeception.INFO: PASSED [] []
[2014-03-21 06:18:29] Codeception.ALERT: Failed asserting that null is not null. [] []
[2014-03-21 06:18:29] Codeception.INFO: # FAILED # [] []
[2014-03-21 06:18:29] Codeception.INFO: PASSED [] []
[2014-03-21 06:18:31] Codeception.INFO: PASSED [] []
[2014-03-21 06:18:33] Codeception.INFO: PASSED [] []
[2014-03-21 06:18:35] Codeception.INFO: PASSED [] []
[2014-03-21 06:21:32] Codeception.INFO: PASSED [] []
[2014-03-21 06:21:34] Codeception.INFO: PASSED [] []
[2014-03-21 06:21:37] Codeception.INFO: PASSED [] []
[2014-03-21 06:21:39] Codeception.INFO: PASSED [] []
[2014-03-21 06:21:41] Codeception.ALERT: Argument 1 passed to Illuminate\Validation\Factory::make() must be of the type array, double given, called in /var/www/vendor/laravel/framework/src/Illuminate/Support/Facades/Facade.php on line 211 and defined [] []
[2014-03-21 06:21:41] Codeception.INFO: # ERROR # [] []
[2014-03-21 06:21:41] Codeception.INFO: PASSED [] []
[2014-03-21 06:21:43] Codeception.INFO: PASSED [] []
[2014-03-21 06:21:46] Codeception.INFO: PASSED [] []
[2014-03-21 06:21:48] Codeception.ALERT: Failed asserting that null is not null. [] []
[2014-03-21 06:21:48] Codeception.INFO: # FAILED # [] []
[2014-03-21 06:21:48] Codeception.INFO: PASSED [] []
[2014-03-21 06:21:50] Codeception.INFO: PASSED [] []
[2014-03-21 06:21:52] Codeception.INFO: PASSED [] []
[2014-03-21 06:21:55] Codeception.INFO: PASSED [] []
[2014-03-21 06:23:32] Codeception.INFO: PASSED [] []
[2014-03-21 06:23:34] Codeception.INFO: PASSED [] []
[2014-03-21 06:23:36] Codeception.INFO: PASSED [] []
[2014-03-21 06:23:38] Codeception.INFO: PASSED [] []
[2014-03-21 06:23:41] Codeception.ALERT: Undefined variable: barcode [] []
[2014-03-21 06:23:41] Codeception.INFO: # ERROR # [] []
[2014-03-21 06:23:41] Codeception.INFO: PASSED [] []
[2014-03-21 06:23:43] Codeception.INFO: PASSED [] []
[2014-03-21 06:23:45] Codeception.INFO: PASSED [] []
[2014-03-21 06:23:47] Codeception.ALERT: Failed asserting that null is not null. [] []
[2014-03-21 06:23:47] Codeception.INFO: # FAILED # [] []
[2014-03-21 06:23:48] Codeception.INFO: PASSED [] []
[2014-03-21 06:23:50] Codeception.INFO: PASSED [] []
[2014-03-21 06:23:52] Codeception.INFO: PASSED [] []
[2014-03-21 06:23:54] Codeception.INFO: PASSED [] []
[2014-03-21 06:25:39] Codeception.INFO: PASSED [] []
[2014-03-21 06:25:42] Codeception.INFO: PASSED [] []
[2014-03-21 06:25:44] Codeception.INFO: PASSED [] []
[2014-03-21 06:25:46] Codeception.INFO: PASSED [] []
[2014-03-21 06:25:48] Codeception.ALERT: Failed asserting that null is not null. [] []
[2014-03-21 06:25:48] Codeception.INFO: # FAILED # [] []
[2014-03-21 06:25:48] Codeception.INFO: PASSED [] []
[2014-03-21 06:25:51] Codeception.INFO: PASSED [] []
[2014-03-21 06:25:53] Codeception.INFO: PASSED [] []
[2014-03-21 06:25:55] Codeception.ALERT: Failed asserting that null is not null. [] []
[2014-03-21 06:25:55] Codeception.INFO: # FAILED # [] []
[2014-03-21 06:25:55] Codeception.INFO: PASSED [] []
[2014-03-21 06:25:57] Codeception.INFO: PASSED [] []
[2014-03-21 06:26:00] Codeception.INFO: PASSED [] []
[2014-03-21 06:26:02] Codeception.INFO: PASSED [] []
[2014-03-21 06:43:42] Codeception.INFO: PASSED [] []
[2014-03-21 06:43:44] Codeception.INFO: PASSED [] []
[2014-03-21 06:43:47] Codeception.INFO: PASSED [] []
[2014-03-21 06:43:49] Codeception.INFO: PASSED [] []
[2014-03-21 06:43:52] Codeception.ALERT: Failed asserting that null is not null. [] []
[2014-03-21 06:43:52] Codeception.INFO: # FAILED # [] []
[2014-03-21 06:43:52] Codeception.INFO: PASSED [] []
[2014-03-21 06:43:54] Codeception.INFO: PASSED [] []
[2014-03-21 06:43:56] Codeception.INFO: PASSED [] []
[2014-03-21 06:43:59] Codeception.ALERT: Failed asserting that null is not null. [] []
[2014-03-21 06:43:59] Codeception.INFO: # FAILED # [] []
[2014-03-21 06:43:59] Codeception.INFO: PASSED [] []
[2014-03-21 06:44:01] Codeception.INFO: PASSED [] []
[2014-03-21 06:44:03] Codeception.INFO: PASSED [] []
[2014-03-21 06:44:06] Codeception.INFO: PASSED [] []
[2014-03-21 06:44:58] Codeception.INFO: PASSED [] []
[2014-03-21 06:45:00] Codeception.INFO: PASSED [] []
[2014-03-21 06:45:02] Codeception.INFO: PASSED [] []
[2014-03-21 06:45:05] Codeception.INFO: PASSED [] []
[2014-03-21 06:45:07] Codeception.ALERT: Failed asserting that null is not null. [] []
[2014-03-21 06:45:07] Codeception.INFO: # FAILED # [] []
[2014-03-21 06:45:07] Codeception.INFO: PASSED [] []
[2014-03-21 06:45:09] Codeception.INFO: PASSED [] []
[2014-03-21 06:45:12] Codeception.INFO: PASSED [] []
[2014-03-21 06:45:14] Codeception.ALERT: Failed asserting that null is not null. [] []
[2014-03-21 06:45:14] Codeception.INFO: # FAILED # [] []
[2014-03-21 06:45:14] Codeception.INFO: PASSED [] []
[2014-03-21 06:45:16] Codeception.INFO: PASSED [] []
[2014-03-21 06:45:18] Codeception.INFO: PASSED [] []
[2014-03-21 06:45:21] Codeception.INFO: PASSED [] []
[2014-03-21 06:53:56] Codeception.INFO: PASSED [] []
[2014-03-21 06:53:58] Codeception.INFO: PASSED [] []
[2014-03-21 06:54:01] Codeception.INFO: PASSED [] []
[2014-03-21 06:54:03] Codeception.INFO: PASSED [] []
[2014-03-21 06:54:05] Codeception.ALERT: Failed asserting that null is not null. [] []
[2014-03-21 06:54:05] Codeception.INFO: # FAILED # [] []
[2014-03-21 06:54:05] Codeception.INFO: PASSED [] []
[2014-03-21 06:54:07] Codeception.INFO: PASSED [] []
[2014-03-21 06:54:10] Codeception.INFO: PASSED [] []
[2014-03-21 06:54:12] Codeception.ALERT: Failed asserting that null is not null. [] []
[2014-03-21 06:54:12] Codeception.INFO: # FAILED # [] []
[2014-03-21 06:54:12] Codeception.INFO: PASSED [] []
[2014-03-21 06:54:14] Codeception.INFO: PASSED [] []
[2014-03-21 06:54:16] Codeception.INFO: PASSED [] []
[2014-03-21 06:54:19] Codeception.INFO: PASSED [] []
[2014-03-21 06:56:21] Codeception.INFO: PASSED [] []
[2014-03-21 06:56:23] Codeception.INFO: PASSED [] []
[2014-03-21 06:56:26] Codeception.INFO: PASSED [] []
[2014-03-21 06:56:28] Codeception.INFO: PASSED [] []
[2014-03-21 06:56:30] Codeception.ALERT: Invalid Barcode [] []
[2014-03-21 06:56:30] Codeception.INFO: # ERROR # [] []
[2014-03-21 06:56:30] Codeception.INFO: PASSED [] []
[2014-03-21 06:56:32] Codeception.INFO: PASSED [] []
[2014-03-21 06:56:35] Codeception.INFO: PASSED [] []
[2014-03-21 06:56:37] Codeception.ALERT: Failed asserting that null is not null. [] []
[2014-03-21 06:56:37] Codeception.INFO: # FAILED # [] []
[2014-03-21 06:56:37] Codeception.INFO: PASSED [] []
[2014-03-21 06:56:39] Codeception.INFO: PASSED [] []
[2014-03-21 06:56:42] Codeception.INFO: PASSED [] []
[2014-03-21 06:56:44] Codeception.INFO: PASSED [] []
[2014-03-21 06:57:26] Codeception.INFO: PASSED [] []
[2014-03-21 06:57:28] Codeception.INFO: PASSED [] []
[2014-03-21 06:57:30] Codeception.INFO: PASSED [] []
[2014-03-21 06:57:32] Codeception.INFO: PASSED [] []
[2014-03-21 06:57:35] Codeception.ALERT: Failed asserting that null is not null. [] []
[2014-03-21 06:57:35] Codeception.INFO: # FAILED # [] []
[2014-03-21 06:57:35] Codeception.INFO: PASSED [] []
[2014-03-21 06:57:37] Codeception.INFO: PASSED [] []
[2014-03-21 06:57:39] Codeception.INFO: PASSED [] []
[2014-03-21 06:57:42] Codeception.ALERT: Failed asserting that null is not null. [] []
[2014-03-21 06:57:42] Codeception.INFO: # FAILED # [] []
[2014-03-21 06:57:42] Codeception.INFO: PASSED [] []
[2014-03-21 06:57:44] Codeception.INFO: PASSED [] []
[2014-03-21 06:57:46] Codeception.INFO: PASSED [] []
[2014-03-21 06:57:48] Codeception.INFO: PASSED [] []
[2014-03-21 07:00:51] Codeception.INFO: PASSED [] []
[2014-03-21 07:00:54] Codeception.INFO: PASSED [] []
[2014-03-21 07:00:56] Codeception.INFO: PASSED [] []
[2014-03-21 07:00:58] Codeception.INFO: PASSED [] []
[2014-03-21 07:01:01] Codeception.ALERT: Failed asserting that null is not null. [] []
[2014-03-21 07:01:01] Codeception.INFO: # FAILED # [] []
[2014-03-21 07:01:01] Codeception.INFO: PASSED [] []
[2014-03-21 07:01:03] Codeception.INFO: PASSED [] []
[2014-03-21 07:01:05] Codeception.INFO: PASSED [] []
[2014-03-21 07:01:08] Codeception.ALERT: Failed asserting that null is not null. [] []
[2014-03-21 07:01:08] Codeception.INFO: # FAILED # [] []
[2014-03-21 07:01:08] Codeception.INFO: PASSED [] []
[2014-03-21 07:01:10] Codeception.INFO: PASSED [] []
[2014-03-21 07:01:12] Codeception.INFO: PASSED [] []
[2014-03-21 07:01:15] Codeception.INFO: PASSED [] []
[2014-03-21 07:01:45] Codeception.INFO: PASSED [] []
[2014-03-21 07:01:47] Codeception.INFO: PASSED [] []
[2014-03-21 07:01:49] Codeception.INFO: PASSED [] []
[2014-03-21 07:01:51] Codeception.INFO: PASSED [] []
[2014-03-21 07:01:54] Codeception.ALERT: Failed asserting that null is not null. [] []
[2014-03-21 07:01:54] Codeception.INFO: # FAILED # [] []
[2014-03-21 07:01:54] Codeception.INFO: PASSED [] []
[2014-03-21 07:01:56] Codeception.INFO: PASSED [] []
[2014-03-21 07:01:58] Codeception.INFO: PASSED [] []
[2014-03-21 07:02:00] Codeception.ALERT: Failed asserting that null is not null. [] []
[2014-03-21 07:02:00] Codeception.INFO: # FAILED # [] []
[2014-03-21 07:02:00] Codeception.INFO: PASSED [] []
[2014-03-21 07:02:03] Codeception.INFO: PASSED [] []
[2014-03-21 07:02:05] Codeception.INFO: PASSED [] []
[2014-03-21 07:02:08] Codeception.INFO: PASSED [] []
