[2014-03-19 07:21:26] Codeception.ALERT: include(/var/www/app/models/PurchasedItemsRepository.php): failed to open stream: No such file or directory [] []
[2014-03-19 07:21:26] Codeception.INFO: # ERROR # [] []
[2014-03-19 07:21:26] Codeception.INFO: PASSED [] []
[2014-03-19 07:21:28] Codeception.ALERT: Failed asserting that exception of type "ErrorException" matches expected exception "UnauthorizedException". Message was: "include(/var/www/app/models/PurchasedItemsRepository.php): failed to open stream: No such file or directory". [] []
[2014-03-19 07:21:28] Codeception.INFO: # FAILED # [] []
[2014-03-19 07:21:28] Codeception.INFO: PASSED [] []
[2014-03-19 07:21:31] Codeception.INFO: PASSED [] []
[2014-03-19 07:21:33] Codeception.INFO: PASSED [] []
[2014-03-19 07:21:35] Codeception.ALERT: include(/var/www/app/models/PurchasedItemsRepository.php): failed to open stream: No such file or directory [] []
[2014-03-19 07:21:35] Codeception.INFO: # ERROR # [] []
[2014-03-19 07:21:35] Codeception.INFO: PASSED [] []
[2014-03-19 07:21:37] Codeception.ALERT: Failed asserting that exception of type "ErrorException" matches expected exception "UnauthorizedException". Message was: "include(/var/www/app/models/PurchasedItemsRepository.php): failed to open stream: No such file or directory". [] []
[2014-03-19 07:21:37] Codeception.INFO: # FAILED # [] []
[2014-03-19 07:21:37] Codeception.INFO: PASSED [] []
[2014-03-19 07:21:40] Codeception.INFO: PASSED [] []
[2014-03-19 07:21:42] Codeception.ALERT: include(/var/www/app/models/PurchasedItemsRepository.php): failed to open stream: No such file or directory [] []
[2014-03-19 07:21:42] Codeception.INFO: # ERROR # [] []
[2014-03-19 07:21:42] Codeception.INFO: PASSED [] []
[2014-03-19 07:21:44] Codeception.INFO: PASSED [] []
[2014-03-19 07:21:46] Codeception.INFO: PASSED [] []
[2014-03-19 07:21:48] Codeception.INFO: PASSED [] []
[2014-03-19 07:26:28] Codeception.ALERT: Failed asserting that null matches expected 4807770270291. [] []
[2014-03-19 07:26:28] Codeception.INFO: # FAILED # [] []
[2014-03-19 07:26:28] Codeception.INFO: PASSED [] []
[2014-03-19 07:26:30] Codeception.ALERT: Failed asserting that exception of type "ErrorException" matches expected exception "UnauthorizedException". Message was: "include(/var/www/app/models/PurchasedItemsRepository.php): failed to open stream: No such file or directory". [] []
[2014-03-19 07:26:30] Codeception.INFO: # FAILED # [] []
[2014-03-19 07:26:30] Codeception.INFO: PASSED [] []
[2014-03-19 07:26:32] Codeception.INFO: PASSED [] []
[2014-03-19 07:26:34] Codeception.INFO: PASSED [] []
[2014-03-19 07:26:36] Codeception.ALERT: Failed asserting that null is not null. [] []
[2014-03-19 07:26:36] Codeception.INFO: # FAILED # [] []
[2014-03-19 07:26:36] Codeception.INFO: PASSED [] []
[2014-03-19 07:26:39] Codeception.INFO: PASSED [] []
[2014-03-19 07:26:41] Codeception.INFO: PASSED [] []
[2014-03-19 07:26:43] Codeception.ALERT: Failed asserting that null is not null. [] []
[2014-03-19 07:26:43] Codeception.INFO: # FAILED # [] []
[2014-03-19 07:26:43] Codeception.INFO: PASSED [] []
[2014-03-19 07:26:45] Codeception.INFO: PASSED [] []
[2014-03-19 07:26:47] Codeception.INFO: PASSED [] []
[2014-03-19 07:26:49] Codeception.INFO: PASSED [] []
[2014-03-19 07:30:12] Codeception.ALERT: Failed asserting that null matches expected 4807770270291. [] []
[2014-03-19 07:30:12] Codeception.INFO: # FAILED # [] []
[2014-03-19 07:30:12] Codeception.INFO: PASSED [] []
[2014-03-19 07:30:14] Codeception.ALERT: Failed asserting that exception of type "ErrorException" matches expected exception "UnauthorizedException". Message was: "include(/var/www/app/models/PurchasedItemsRepository.php): failed to open stream: No such file or directory". [] []
[2014-03-19 07:30:14] Codeception.INFO: # FAILED # [] []
[2014-03-19 07:30:14] Codeception.INFO: PASSED [] []
[2014-03-19 07:30:16] Codeception.INFO: PASSED [] []
[2014-03-19 07:30:18] Codeception.INFO: PASSED [] []
[2014-03-19 07:30:20] Codeception.ALERT: Failed asserting that null is not null. [] []
[2014-03-19 07:30:20] Codeception.INFO: # FAILED # [] []
[2014-03-19 07:30:20] Codeception.INFO: PASSED [] []
[2014-03-19 07:30:23] Codeception.INFO: PASSED [] []
[2014-03-19 07:30:25] Codeception.INFO: PASSED [] []
[2014-03-19 07:30:27] Codeception.ALERT: Failed asserting that null is not null. [] []
[2014-03-19 07:30:27] Codeception.INFO: # FAILED # [] []
[2014-03-19 07:30:27] Codeception.INFO: PASSED [] []
[2014-03-19 07:30:29] Codeception.INFO: PASSED [] []
[2014-03-19 07:30:31] Codeception.INFO: PASSED [] []
[2014-03-19 07:30:33] Codeception.INFO: PASSED [] []
[2014-03-19 07:33:14] Codeception.ALERT: Failed asserting that null matches expected 4807770270291. [] []
[2014-03-19 07:33:14] Codeception.INFO: # FAILED # [] []
[2014-03-19 07:33:14] Codeception.INFO: PASSED [] []
[2014-03-19 07:33:17] Codeception.ALERT: Failed asserting that exception of type "ErrorException" matches expected exception "UnauthorizedException". Message was: "include(/var/www/app/models/PurchasedItemsRepository.php): failed to open stream: No such file or directory". [] []
[2014-03-19 07:33:17] Codeception.INFO: # FAILED # [] []
[2014-03-19 07:33:17] Codeception.INFO: PASSED [] []
[2014-03-19 07:33:19] Codeception.INFO: PASSED [] []
[2014-03-19 07:33:21] Codeception.INFO: PASSED [] []
[2014-03-19 07:33:23] Codeception.ALERT: Failed asserting that null is not null. [] []
[2014-03-19 07:33:23] Codeception.INFO: # FAILED # [] []
[2014-03-19 07:33:23] Codeception.INFO: PASSED [] []
[2014-03-19 07:33:25] Codeception.INFO: PASSED [] []
[2014-03-19 07:33:28] Codeception.INFO: PASSED [] []
[2014-03-19 07:33:30] Codeception.ALERT: Failed asserting that null is not null. [] []
[2014-03-19 07:33:30] Codeception.INFO: # FAILED # [] []
[2014-03-19 07:33:30] Codeception.INFO: PASSED [] []
[2014-03-19 07:33:32] Codeception.INFO: PASSED [] []
[2014-03-19 07:33:34] Codeception.INFO: PASSED [] []
[2014-03-19 07:33:36] Codeception.INFO: PASSED [] []
[2014-03-19 07:34:48] Codeception.ALERT: Failed asserting that null matches expected 4807770270291. [] []
[2014-03-19 07:34:48] Codeception.INFO: # FAILED # [] []
[2014-03-19 07:34:48] Codeception.INFO: PASSED [] []
[2014-03-19 07:34:50] Codeception.ALERT: Failed asserting that exception of type "ErrorException" matches expected exception "UnauthorizedException". Message was: "include(/var/www/app/models/PurchasedItemsRepository.php): failed to open stream: No such file or directory". [] []
[2014-03-19 07:34:50] Codeception.INFO: # FAILED # [] []
[2014-03-19 07:34:50] Codeception.INFO: PASSED [] []
[2014-03-19 07:34:52] Codeception.INFO: PASSED [] []
[2014-03-19 07:34:54] Codeception.INFO: PASSED [] []
[2014-03-19 07:34:57] Codeception.ALERT: Failed asserting that null is not null. [] []
[2014-03-19 07:34:57] Codeception.INFO: # FAILED # [] []
[2014-03-19 07:34:57] Codeception.INFO: PASSED [] []
[2014-03-19 07:34:59] Codeception.INFO: PASSED [] []
[2014-03-19 07:35:01] Codeception.INFO: PASSED [] []
[2014-03-19 07:35:03] Codeception.ALERT: Failed asserting that null is not null. [] []
[2014-03-19 07:35:03] Codeception.INFO: # FAILED # [] []
[2014-03-19 07:35:03] Codeception.INFO: PASSED [] []
[2014-03-19 07:35:06] Codeception.INFO: PASSED [] []
[2014-03-19 07:35:08] Codeception.INFO: PASSED [] []
[2014-03-19 07:35:10] Codeception.INFO: PASSED [] []
[2014-03-19 07:35:43] Codeception.ALERT: Failed asserting that null matches expected 4807770270291. [] []
[2014-03-19 07:35:43] Codeception.INFO: # FAILED # [] []
[2014-03-19 07:35:43] Codeception.INFO: PASSED [] []
[2014-03-19 07:35:45] Codeception.ALERT: Failed asserting that exception of type "ErrorException" matches expected exception "UnauthorizedException". Message was: "include(/var/www/app/models/PurchasedItemsRepository.php): failed to open stream: No such file or directory". [] []
[2014-03-19 07:35:45] Codeception.INFO: # FAILED # [] []
[2014-03-19 07:35:45] Codeception.INFO: PASSED [] []
[2014-03-19 07:35:48] Codeception.INFO: PASSED [] []
[2014-03-19 07:35:50] Codeception.INFO: PASSED [] []
[2014-03-19 07:35:52] Codeception.ALERT: Failed asserting that null is not null. [] []
[2014-03-19 07:35:52] Codeception.INFO: # FAILED # [] []
[2014-03-19 07:35:52] Codeception.INFO: PASSED [] []
[2014-03-19 07:35:54] Codeception.INFO: PASSED [] []
[2014-03-19 07:35:56] Codeception.INFO: PASSED [] []
[2014-03-19 07:35:59] Codeception.ALERT: Failed asserting that null is not null. [] []
[2014-03-19 07:35:59] Codeception.INFO: # FAILED # [] []
[2014-03-19 07:35:59] Codeception.INFO: PASSED [] []
[2014-03-19 07:36:01] Codeception.INFO: PASSED [] []
[2014-03-19 07:36:03] Codeception.INFO: PASSED [] []
[2014-03-19 07:36:05] Codeception.INFO: PASSED [] []
[2014-03-19 07:39:37] Codeception.ALERT: Failed asserting that null matches expected 4807770270291. [] []
[2014-03-19 07:39:37] Codeception.INFO: # FAILED # [] []
[2014-03-19 07:39:37] Codeception.INFO: PASSED [] []
[2014-03-19 07:39:39] Codeception.ALERT: Failed asserting that exception of type "ErrorException" matches expected exception "UnauthorizedException". Message was: "include(/var/www/app/models/PurchasedItemsRepository.php): failed to open stream: No such file or directory". [] []
[2014-03-19 07:39:39] Codeception.INFO: # FAILED # [] []
[2014-03-19 07:39:39] Codeception.INFO: PASSED [] []
[2014-03-19 07:39:42] Codeception.INFO: PASSED [] []
[2014-03-19 07:39:44] Codeception.INFO: PASSED [] []
[2014-03-19 07:39:46] Codeception.ALERT: Failed asserting that null is not null. [] []
[2014-03-19 07:39:46] Codeception.INFO: # FAILED # [] []
[2014-03-19 07:39:46] Codeception.INFO: PASSED [] []
[2014-03-19 07:39:48] Codeception.INFO: PASSED [] []
[2014-03-19 07:39:51] Codeception.INFO: PASSED [] []
[2014-03-19 07:39:53] Codeception.ALERT: Failed asserting that null is not null. [] []
[2014-03-19 07:39:53] Codeception.INFO: # FAILED # [] []
[2014-03-19 07:39:53] Codeception.INFO: PASSED [] []
[2014-03-19 07:39:55] Codeception.INFO: PASSED [] []
[2014-03-19 07:39:57] Codeception.INFO: PASSED [] []
[2014-03-19 07:39:59] Codeception.INFO: PASSED [] []
[2014-03-19 07:44:22] Codeception.INFO: PASSED [] []
[2014-03-19 07:44:24] Codeception.ALERT: Failed asserting that exception of type "ErrorException" matches expected exception "UnauthorizedException". Message was: "include(/var/www/app/models/PurchasedItemsRepository.php): failed to open stream: No such file or directory". [] []
[2014-03-19 07:44:24] Codeception.INFO: # FAILED # [] []
[2014-03-19 07:44:24] Codeception.INFO: PASSED [] []
[2014-03-19 07:44:26] Codeception.INFO: PASSED [] []
[2014-03-19 07:44:29] Codeception.INFO: PASSED [] []
[2014-03-19 07:44:31] Codeception.ALERT: Failed asserting that null is not null. [] []
[2014-03-19 07:44:31] Codeception.INFO: # FAILED # [] []
[2014-03-19 07:44:31] Codeception.INFO: PASSED [] []
[2014-03-19 07:44:33] Codeception.INFO: PASSED [] []
[2014-03-19 07:44:35] Codeception.INFO: PASSED [] []
[2014-03-19 07:44:37] Codeception.ALERT: Failed asserting that null is not null. [] []
[2014-03-19 07:44:37] Codeception.INFO: # FAILED # [] []
[2014-03-19 07:44:37] Codeception.INFO: PASSED [] []
[2014-03-19 07:44:40] Codeception.INFO: PASSED [] []
[2014-03-19 07:44:42] Codeception.INFO: PASSED [] []
[2014-03-19 07:44:44] Codeception.INFO: PASSED [] []
[2014-03-19 07:46:28] Codeception.INFO: PASSED [] []
[2014-03-19 07:46:30] Codeception.ALERT: Failed asserting that exception of type "ErrorException" matches expected exception "UnauthorizedException". Message was: "include(/var/www/app/models/PurchasedItemsRepository.php): failed to open stream: No such file or directory". [] []
[2014-03-19 07:46:30] Codeception.INFO: # FAILED # [] []
[2014-03-19 07:46:30] Codeception.INFO: PASSED [] []
[2014-03-19 07:46:32] Codeception.INFO: PASSED [] []
[2014-03-19 07:46:34] Codeception.INFO: PASSED [] []
[2014-03-19 07:46:36] Codeception.ALERT: Failed asserting that null is not null. [] []
[2014-03-19 07:46:36] Codeception.INFO: # FAILED # [] []
[2014-03-19 07:46:36] Codeception.INFO: PASSED [] []
[2014-03-19 07:46:38] Codeception.INFO: PASSED [] []
[2014-03-19 07:46:41] Codeception.INFO: PASSED [] []
[2014-03-19 07:46:43] Codeception.ALERT: Failed asserting that null is not null. [] []
[2014-03-19 07:46:43] Codeception.INFO: # FAILED # [] []
[2014-03-19 07:46:43] Codeception.INFO: PASSED [] []
[2014-03-19 07:46:45] Codeception.INFO: PASSED [] []
[2014-03-19 07:46:47] Codeception.INFO: PASSED [] []
[2014-03-19 07:46:49] Codeception.INFO: PASSED [] []
[2014-03-19 07:51:46] Codeception.INFO: PASSED [] []
[2014-03-19 07:51:48] Codeception.INFO: PASSED [] []
[2014-03-19 07:51:50] Codeception.INFO: PASSED [] []
[2014-03-19 07:51:52] Codeception.INFO: PASSED [] []
[2014-03-19 07:51:54] Codeception.ALERT: Failed asserting that null is not null. [] []
[2014-03-19 07:51:54] Codeception.INFO: # FAILED # [] []
[2014-03-19 07:51:54] Codeception.INFO: PASSED [] []
[2014-03-19 07:51:56] Codeception.INFO: PASSED [] []
[2014-03-19 07:51:59] Codeception.INFO: PASSED [] []
[2014-03-19 07:52:01] Codeception.ALERT: Failed asserting that null is not null. [] []
[2014-03-19 07:52:01] Codeception.INFO: # FAILED # [] []
[2014-03-19 07:52:01] Codeception.INFO: PASSED [] []
[2014-03-19 07:52:03] Codeception.INFO: PASSED [] []
[2014-03-19 07:52:05] Codeception.INFO: PASSED [] []
[2014-03-19 07:52:07] Codeception.INFO: PASSED [] []
[2014-03-19 08:29:54] Codeception.ALERT: include(/var/www/app/models/InventoryItem.php): failed to open stream: No such file or directory [] []
[2014-03-19 08:29:54] Codeception.INFO: # ERROR # [] []
[2014-03-19 08:29:54] Codeception.INFO: PASSED [] []
[2014-03-19 08:29:56] Codeception.ALERT: include(/var/www/app/models/InventoryItem.php): failed to open stream: No such file or directory [] []
[2014-03-19 08:29:56] Codeception.INFO: # ERROR # [] []
[2014-03-19 08:29:56] Codeception.INFO: PASSED [] []
[2014-03-19 08:29:58] Codeception.ALERT: include(/var/www/app/models/InventoryItem.php): failed to open stream: No such file or directory [] []
[2014-03-19 08:29:58] Codeception.INFO: # ERROR # [] []
[2014-03-19 08:29:58] Codeception.INFO: PASSED [] []
[2014-03-19 08:29:59] Codeception.ALERT: include(/var/www/app/models/InventoryItem.php): failed to open stream: No such file or directory [] []
[2014-03-19 08:29:59] Codeception.INFO: # ERROR # [] []
[2014-03-19 08:29:59] Codeception.INFO: PASSED [] []
[2014-03-19 08:30:01] Codeception.ALERT: include(/var/www/app/models/InventoryItem.php): failed to open stream: No such file or directory [] []
[2014-03-19 08:30:01] Codeception.INFO: # ERROR # [] []
[2014-03-19 08:30:01] Codeception.INFO: PASSED [] []
[2014-03-19 08:30:03] Codeception.ALERT: include(/var/www/app/models/InventoryItem.php): failed to open stream: No such file or directory [] []
[2014-03-19 08:30:03] Codeception.INFO: # ERROR # [] []
[2014-03-19 08:30:03] Codeception.INFO: PASSED [] []
[2014-03-19 08:30:05] Codeception.ALERT: include(/var/www/app/models/InventoryItem.php): failed to open stream: No such file or directory [] []
[2014-03-19 08:30:05] Codeception.INFO: # ERROR # [] []
[2014-03-19 08:30:05] Codeception.INFO: PASSED [] []
[2014-03-19 08:30:07] Codeception.ALERT: include(/var/www/app/models/InventoryItem.php): failed to open stream: No such file or directory [] []
[2014-03-19 08:30:07] Codeception.INFO: # ERROR # [] []
[2014-03-19 08:30:07] Codeception.INFO: PASSED [] []
[2014-03-19 08:30:09] Codeception.ALERT: include(/var/www/app/models/InventoryItem.php): failed to open stream: No such file or directory [] []
[2014-03-19 08:30:09] Codeception.INFO: # ERROR # [] []
[2014-03-19 08:30:09] Codeception.INFO: PASSED [] []
[2014-03-19 08:30:11] Codeception.ALERT: include(/var/www/app/models/InventoryItem.php): failed to open stream: No such file or directory [] []
[2014-03-19 08:30:11] Codeception.INFO: # ERROR # [] []
[2014-03-19 08:30:11] Codeception.INFO: PASSED [] []
[2014-03-19 08:30:12] Codeception.ALERT: include(/var/www/app/models/InventoryItem.php): failed to open stream: No such file or directory [] []
[2014-03-19 08:30:12] Codeception.INFO: # ERROR # [] []
[2014-03-19 08:30:12] Codeception.INFO: PASSED [] []
[2014-03-19 08:34:22] Codeception.ALERT: Class TestInventoryItemTableSeeder does not exist [] []
[2014-03-19 08:34:22] Codeception.INFO: # ERROR # [] []
[2014-03-19 08:34:22] Codeception.INFO: PASSED [] []
[2014-03-19 08:34:24] Codeception.ALERT: Class TestInventoryItemTableSeeder does not exist [] []
[2014-03-19 08:34:24] Codeception.INFO: # ERROR # [] []
[2014-03-19 08:34:24] Codeception.INFO: PASSED [] []
[2014-03-19 08:34:26] Codeception.ALERT: Class TestInventoryItemTableSeeder does not exist [] []
[2014-03-19 08:34:26] Codeception.INFO: # ERROR # [] []
[2014-03-19 08:34:26] Codeception.INFO: PASSED [] []
[2014-03-19 08:34:27] Codeception.ALERT: Class TestInventoryItemTableSeeder does not exist [] []
[2014-03-19 08:34:27] Codeception.INFO: # ERROR # [] []
[2014-03-19 08:34:27] Codeception.INFO: PASSED [] []
[2014-03-19 08:34:29] Codeception.ALERT: Class TestInventoryItemTableSeeder does not exist [] []
[2014-03-19 08:34:29] Codeception.INFO: # ERROR # [] []
[2014-03-19 08:34:29] Codeception.INFO: PASSED [] []
[2014-03-19 08:34:31] Codeception.ALERT: Class TestInventoryItemTableSeeder does not exist [] []
[2014-03-19 08:34:31] Codeception.INFO: # ERROR # [] []
[2014-03-19 08:34:31] Codeception.INFO: PASSED [] []
[2014-03-19 08:34:33] Codeception.ALERT: Class TestInventoryItemTableSeeder does not exist [] []
[2014-03-19 08:34:33] Codeception.INFO: # ERROR # [] []
[2014-03-19 08:34:33] Codeception.INFO: PASSED [] []
[2014-03-19 08:34:35] Codeception.ALERT: Class TestInventoryItemTableSeeder does not exist [] []
[2014-03-19 08:34:35] Codeception.INFO: # ERROR # [] []
[2014-03-19 08:34:35] Codeception.INFO: PASSED [] []
[2014-03-19 08:34:37] Codeception.ALERT: Class TestInventoryItemTableSeeder does not exist [] []
[2014-03-19 08:34:37] Codeception.INFO: # ERROR # [] []
[2014-03-19 08:34:37] Codeception.INFO: PASSED [] []
[2014-03-19 08:34:39] Codeception.ALERT: Class TestInventoryItemTableSeeder does not exist [] []
[2014-03-19 08:34:39] Codeception.INFO: # ERROR # [] []
[2014-03-19 08:34:39] Codeception.INFO: PASSED [] []
[2014-03-19 08:34:40] Codeception.ALERT: Class TestInventoryItemTableSeeder does not exist [] []
[2014-03-19 08:34:40] Codeception.INFO: # ERROR # [] []
[2014-03-19 08:34:40] Codeception.INFO: PASSED [] []
[2014-03-19 08:36:58] Codeception.ALERT: SQLSTATE[HY000]: General error: 1 table purchased_items has no column named transaction_id (SQL: insert into "purchased_items" ("barcode", "quantity", "transaction_id", "updated_at", "created_at") values (4807770270291, 3, 4, 2014-03-19 08:36:58, 2014-03-19 08:36:58)) [] []
[2014-03-19 08:36:58] Codeception.INFO: # ERROR # [] []
[2014-03-19 08:36:58] Codeception.INFO: PASSED [] []
[2014-03-19 08:37:00] Codeception.INFO: PASSED [] []
[2014-03-19 08:37:02] Codeception.INFO: PASSED [] []
[2014-03-19 08:37:05] Codeception.INFO: PASSED [] []
[2014-03-19 08:37:07] Codeception.ALERT: Failed asserting that null is not null. [] []
[2014-03-19 08:37:07] Codeception.INFO: # FAILED # [] []
[2014-03-19 08:37:07] Codeception.INFO: PASSED [] []
[2014-03-19 08:37:09] Codeception.INFO: PASSED [] []
[2014-03-19 08:37:11] Codeception.INFO: PASSED [] []
[2014-03-19 08:37:13] Codeception.ALERT: Failed asserting that null is not null. [] []
[2014-03-19 08:37:13] Codeception.INFO: # FAILED # [] []
[2014-03-19 08:37:13] Codeception.INFO: PASSED [] []
[2014-03-19 08:37:15] Codeception.INFO: PASSED [] []
[2014-03-19 08:37:18] Codeception.INFO: PASSED [] []
[2014-03-19 08:37:20] Codeception.INFO: PASSED [] []
[2014-03-19 08:40:09] Codeception.ALERT: SQLSTATE[HY000]: General error: 1 table purchased_items has no column named transaction_id (SQL: insert into "purchased_items" ("barcode", "quantity", "transaction_id", "updated_at", "created_at") values (4807770270291, 3, 4, 2014-03-19 08:40:09, 2014-03-19 08:40:09)) [] []
[2014-03-19 08:40:09] Codeception.INFO: # ERROR # [] []
[2014-03-19 08:40:09] Codeception.INFO: PASSED [] []
[2014-03-19 08:40:11] Codeception.INFO: PASSED [] []
[2014-03-19 08:40:13] Codeception.INFO: PASSED [] []
[2014-03-19 08:40:15] Codeception.INFO: PASSED [] []
[2014-03-19 08:40:17] Codeception.ALERT: Argument 1 passed to Illuminate\Validation\Factory::make() must be of the type array, double given, called in /var/www/vendor/laravel/framework/src/Illuminate/Support/Facades/Facade.php on line 211 and defined [] []
[2014-03-19 08:40:17] Codeception.INFO: # ERROR # [] []
[2014-03-19 08:40:17] Codeception.INFO: PASSED [] []
[2014-03-19 08:40:19] Codeception.INFO: PASSED [] []
[2014-03-19 08:40:22] Codeception.INFO: PASSED [] []
[2014-03-19 08:40:24] Codeception.ALERT: Failed asserting that null is not null. [] []
[2014-03-19 08:40:24] Codeception.INFO: # FAILED # [] []
[2014-03-19 08:40:24] Codeception.INFO: PASSED [] []
[2014-03-19 08:40:26] Codeception.INFO: PASSED [] []
[2014-03-19 08:40:28] Codeception.INFO: PASSED [] []
[2014-03-19 08:40:31] Codeception.INFO: PASSED [] []
[2014-03-19 08:41:55] Codeception.ALERT: Invalid data! [] []
[2014-03-19 08:41:55] Codeception.INFO: # ERROR # [] []
[2014-03-19 08:41:55] Codeception.INFO: PASSED [] []
[2014-03-19 08:41:57] Codeception.INFO: PASSED [] []
[2014-03-19 08:42:00] Codeception.INFO: PASSED [] []
[2014-03-19 08:42:02] Codeception.INFO: PASSED [] []
[2014-03-19 08:42:04] Codeception.ALERT: Argument 1 passed to Illuminate\Validation\Factory::make() must be of the type array, double given, called in /var/www/vendor/laravel/framework/src/Illuminate/Support/Facades/Facade.php on line 211 and defined [] []
[2014-03-19 08:42:04] Codeception.INFO: # ERROR # [] []
[2014-03-19 08:42:04] Codeception.INFO: PASSED [] []
[2014-03-19 08:42:07] Codeception.INFO: PASSED [] []
[2014-03-19 08:42:09] Codeception.INFO: PASSED [] []
[2014-03-19 08:42:11] Codeception.ALERT: Failed asserting that null is not null. [] []
[2014-03-19 08:42:11] Codeception.INFO: # FAILED # [] []
[2014-03-19 08:42:11] Codeception.INFO: PASSED [] []
[2014-03-19 08:42:14] Codeception.INFO: PASSED [] []
[2014-03-19 08:42:16] Codeception.INFO: PASSED [] []
[2014-03-19 08:42:18] Codeception.INFO: PASSED [] []
[2014-03-19 08:43:48] Codeception.INFO: PASSED [] []
[2014-03-19 08:43:51] Codeception.INFO: PASSED [] []
[2014-03-19 08:43:53] Codeception.INFO: PASSED [] []
[2014-03-19 08:43:55] Codeception.INFO: PASSED [] []
[2014-03-19 08:43:57] Codeception.ALERT: Argument 1 passed to Illuminate\Validation\Factory::make() must be of the type array, double given, called in /var/www/vendor/laravel/framework/src/Illuminate/Support/Facades/Facade.php on line 211 and defined [] []
[2014-03-19 08:43:57] Codeception.INFO: # ERROR # [] []
[2014-03-19 08:43:57] Codeception.INFO: PASSED [] []
[2014-03-19 08:43:59] Codeception.INFO: PASSED [] []
[2014-03-19 08:44:01] Codeception.INFO: PASSED [] []
[2014-03-19 08:44:04] Codeception.ALERT: Failed asserting that null is not null. [] []
[2014-03-19 08:44:04] Codeception.INFO: # FAILED # [] []
[2014-03-19 08:44:04] Codeception.INFO: PASSED [] []
[2014-03-19 08:44:06] Codeception.INFO: PASSED [] []
[2014-03-19 08:44:08] Codeception.INFO: PASSED [] []
[2014-03-19 08:44:10] Codeception.INFO: PASSED [] []
[2014-03-19 08:47:19] Codeception.INFO: PASSED [] []
[2014-03-19 08:47:21] Codeception.INFO: PASSED [] []
[2014-03-19 08:47:23] Codeception.INFO: PASSED [] []
[2014-03-19 08:47:25] Codeception.INFO: PASSED [] []
[2014-03-19 08:47:28] Codeception.ALERT: Invalid Barcode [] []
[2014-03-19 08:47:28] Codeception.INFO: # ERROR # [] []
[2014-03-19 08:47:28] Codeception.INFO: PASSED [] []
[2014-03-19 08:47:30] Codeception.INFO: PASSED [] []
[2014-03-19 08:47:32] Codeception.INFO: PASSED [] []
[2014-03-19 08:47:34] Codeception.ALERT: Failed asserting that null is not null. [] []
[2014-03-19 08:47:34] Codeception.INFO: # FAILED # [] []
[2014-03-19 08:47:34] Codeception.INFO: PASSED [] []
[2014-03-19 08:47:36] Codeception.INFO: PASSED [] []
[2014-03-19 08:47:39] Codeception.INFO: PASSED [] []
[2014-03-19 08:47:41] Codeception.INFO: PASSED [] []
[2014-03-19 08:50:05] Codeception.INFO: PASSED [] []
[2014-03-19 08:50:07] Codeception.INFO: PASSED [] []
[2014-03-19 08:50:09] Codeception.INFO: PASSED [] []
[2014-03-19 08:50:12] Codeception.INFO: PASSED [] []
[2014-03-19 08:50:14] Codeception.ALERT: Argument 1 passed to Illuminate\Validation\Factory::make() must be of the type array, double given, called in /var/www/vendor/laravel/framework/src/Illuminate/Support/Facades/Facade.php on line 211 and defined [] []
[2014-03-19 08:50:14] Codeception.INFO: # ERROR # [] []
[2014-03-19 08:50:14] Codeception.INFO: PASSED [] []
[2014-03-19 08:50:16] Codeception.INFO: PASSED [] []
[2014-03-19 08:50:18] Codeception.INFO: PASSED [] []
[2014-03-19 08:50:20] Codeception.ALERT: Failed asserting that null is not null. [] []
[2014-03-19 08:50:20] Codeception.INFO: # FAILED # [] []
[2014-03-19 08:50:20] Codeception.INFO: PASSED [] []
[2014-03-19 08:50:22] Codeception.INFO: PASSED [] []
[2014-03-19 08:50:25] Codeception.INFO: PASSED [] []
[2014-03-19 08:50:27] Codeception.INFO: PASSED [] []
[2014-03-19 09:06:20] Codeception.INFO: PASSED [] []
[2014-03-19 09:06:22] Codeception.INFO: PASSED [] []
[2014-03-19 09:06:25] Codeception.INFO: PASSED [] []
[2014-03-19 09:06:27] Codeception.INFO: PASSED [] []
[2014-03-19 09:06:29] Codeception.ALERT: Argument 1 passed to Illuminate\Validation\Factory::make() must be of the type array, double given, called in /var/www/vendor/laravel/framework/src/Illuminate/Support/Facades/Facade.php on line 211 and defined [] []
[2014-03-19 09:06:29] Codeception.INFO: # ERROR # [] []
[2014-03-19 09:06:29] Codeception.INFO: PASSED [] []
[2014-03-19 09:06:31] Codeception.INFO: PASSED [] []
[2014-03-19 09:06:34] Codeception.INFO: PASSED [] []
[2014-03-19 09:06:36] Codeception.ALERT: Failed asserting that null is not null. [] []
[2014-03-19 09:06:36] Codeception.INFO: # FAILED # [] []
[2014-03-19 09:06:36] Codeception.INFO: PASSED [] []
[2014-03-19 09:06:38] Codeception.INFO: PASSED [] []
[2014-03-19 09:06:40] Codeception.INFO: PASSED [] []
[2014-03-19 09:06:43] Codeception.INFO: PASSED [] []
[2014-03-19 09:07:12] Codeception.INFO: PASSED [] []
[2014-03-19 09:07:14] Codeception.INFO: PASSED [] []
[2014-03-19 09:07:16] Codeception.INFO: PASSED [] []
[2014-03-19 09:07:19] Codeception.INFO: PASSED [] []
[2014-03-19 09:07:21] Codeception.ALERT: Invalid Barcode [] []
[2014-03-19 09:07:21] Codeception.INFO: # ERROR # [] []
[2014-03-19 09:07:21] Codeception.INFO: PASSED [] []
[2014-03-19 09:07:23] Codeception.INFO: PASSED [] []
[2014-03-19 09:07:26] Codeception.INFO: PASSED [] []
[2014-03-19 09:07:28] Codeception.ALERT: Failed asserting that null is not null. [] []
[2014-03-19 09:07:28] Codeception.INFO: # FAILED # [] []
[2014-03-19 09:07:28] Codeception.INFO: PASSED [] []
[2014-03-19 09:07:30] Codeception.INFO: PASSED [] []
[2014-03-19 09:07:32] Codeception.INFO: PASSED [] []
[2014-03-19 09:07:34] Codeception.INFO: PASSED [] []
[2014-03-19 09:12:44] Codeception.INFO: PASSED [] []
[2014-03-19 09:12:47] Codeception.INFO: PASSED [] []
[2014-03-19 09:12:49] Codeception.INFO: PASSED [] []
[2014-03-19 09:12:51] Codeception.INFO: PASSED [] []
[2014-03-19 09:12:53] Codeception.ALERT: Failed asserting that null is not null. [] []
[2014-03-19 09:12:53] Codeception.INFO: # FAILED # [] []
[2014-03-19 09:12:53] Codeception.INFO: PASSED [] []
[2014-03-19 09:12:56] Codeception.INFO: PASSED [] []
[2014-03-19 09:12:58] Codeception.INFO: PASSED [] []
[2014-03-19 09:13:00] Codeception.ALERT: Failed asserting that null is not null. [] []
[2014-03-19 09:13:00] Codeception.INFO: # FAILED # [] []
[2014-03-19 09:13:00] Codeception.INFO: PASSED [] []
[2014-03-19 09:13:02] Codeception.INFO: PASSED [] []
[2014-03-19 09:13:04] Codeception.INFO: PASSED [] []
[2014-03-19 09:13:07] Codeception.INFO: PASSED [] []
[2014-03-19 09:17:38] Codeception.INFO: PASSED [] []
[2014-03-19 09:17:41] Codeception.INFO: PASSED [] []
[2014-03-19 09:17:43] Codeception.INFO: PASSED [] []
[2014-03-19 09:17:46] Codeception.INFO: PASSED [] []
[2014-03-19 09:17:48] Codeception.ALERT: Failed asserting that null is not null. [] []
[2014-03-19 09:17:48] Codeception.INFO: # FAILED # [] []
[2014-03-19 09:17:48] Codeception.INFO: PASSED [] []
[2014-03-19 09:17:50] Codeception.INFO: PASSED [] []
[2014-03-19 09:17:52] Codeception.INFO: PASSED [] []
[2014-03-19 09:17:54] Codeception.ALERT: Failed asserting that null is not null. [] []
[2014-03-19 09:17:54] Codeception.INFO: # FAILED # [] []
[2014-03-19 09:17:54] Codeception.INFO: PASSED [] []
[2014-03-19 09:17:57] Codeception.INFO: PASSED [] []
[2014-03-19 09:17:59] Codeception.INFO: PASSED [] []
[2014-03-19 09:18:01] Codeception.INFO: PASSED [] []
[2014-03-19 11:14:30] Codeception.INFO: PASSED [] []
[2014-03-19 11:14:33] Codeception.INFO: PASSED [] []
[2014-03-19 11:14:36] Codeception.INFO: PASSED [] []
[2014-03-19 11:14:38] Codeception.INFO: PASSED [] []
[2014-03-19 11:14:41] Codeception.ALERT: Failed asserting that null is not null. [] []
[2014-03-19 11:14:41] Codeception.INFO: # FAILED # [] []
[2014-03-19 11:14:41] Codeception.INFO: PASSED [] []
[2014-03-19 11:14:43] Codeception.INFO: PASSED [] []
[2014-03-19 11:14:45] Codeception.INFO: PASSED [] []
[2014-03-19 11:14:48] Codeception.ALERT: Failed asserting that null is not null. [] []
[2014-03-19 11:14:48] Codeception.INFO: # FAILED # [] []
[2014-03-19 11:14:48] Codeception.INFO: PASSED [] []
[2014-03-19 11:14:50] Codeception.INFO: PASSED [] []
[2014-03-19 11:14:52] Codeception.INFO: PASSED [] []
[2014-03-19 11:14:54] Codeception.INFO: PASSED [] []
